[22:54:53] [main/INFO] ========================================
[22:54:53] [main/INFO] Minecraft: 1.20.1
[22:54:53] [main/INFO] Side: server
[22:54:53] [main/INFO] Development: false
[22:54:53] [main/INFO] Version: 12.1.785
[22:54:53] [main/INFO] Loader:
[22:54:53] [main/INFO] - Fabric: 0.16.3
[22:54:53] [main/INFO] - Fabric API: 0.92.2+1.20.1
[22:54:53] [main/INFO] Dependencies:
[22:54:53] [main/INFO] - Cloth Config: 11.1.136
[22:54:53] [main/INFO] - Architectury: 9.2.14
[22:54:53] [main/INFO] Mixin: 0.8.7
[22:54:53] [main/INFO] OS: Linux 6.8.0-1027-azure (amd64)
[22:54:53] [main/INFO] Java: 21.0.7 (Ubuntu)
[22:54:53] [main/INFO] ========================================
[22:54:53] [main/INFO] Mods:
[22:54:53] [main/INFO] - accessories: 1.0.0-beta.47+1.20.1
[22:54:53] [main/INFO] - appleskin: 2.5.1+mc1.20
[22:54:53] [main/INFO] - architectury: 9.2.14
[22:54:53] [main/INFO] - bclib: 3.0.14
[22:54:53] [main/INFO] - betterend: 4.0.11
[22:54:53] [main/INFO] - betterendisland: 1.20-Fabric-2.0.6
[22:54:53] [main/INFO] - betterfortresses: 1.20-Fabric-2.0.6
[22:54:53] [main/INFO] - betteroceanmonuments: 1.20-Fabric-3.0.4
[22:54:53] [main/INFO] - bettervillage: 3.3.0
[22:54:53] [main/INFO] - blue_endless_jankson: 1.2.3
[22:54:53] [main/INFO] - cactusconfig: 2.1.1+knot+1.20.1
[22:54:53] [main/INFO] - cardinal-components: 5.2.3
[22:54:53] [main/INFO] - cardinal-components-base: 5.2.3
[22:54:53] [main/INFO] - cardinal-components-block: 5.2.3
[22:54:53] [main/INFO] - cardinal-components-chunk: 5.2.3
[22:54:53] [main/INFO] - cardinal-components-entity: 5.2.3
[22:54:53] [main/INFO] - cardinal-components-item: 5.2.3
[22:54:53] [main/INFO] - cardinal-components-level: 5.2.3
[22:54:53] [main/INFO] - cardinal-components-scoreboard: 5.2.3
[22:54:53] [main/INFO] - cardinal-components-world: 5.2.3
[22:54:53] [main/INFO] - cavedust: 3.0.0
[22:54:53] [main/INFO] - cloth-basic-math: 0.6.1
[22:54:53] [main/INFO] - cloth-config: 11.1.136
[22:54:53] [main/INFO] - cloth-config: 11.1.136
[22:54:53] [main/INFO] - codec-config-api: 3.0.1+1.20.1
[22:54:53] [main/INFO] - collective: 7.84
[22:54:53] [main/INFO] - com_electronwill_night-config_core: 3.6.6
[22:54:53] [main/INFO] - com_electronwill_night-config_toml: 3.6.6
[22:54:53] [main/INFO] - com_konghq_unirest-java_standalone: 3.11.9
[22:54:53] [main/INFO] - com_twelvemonkeys_common_common-image: 3.12.0
[22:54:53] [main/INFO] - com_twelvemonkeys_common_common-io: 3.12.0
[22:54:53] [main/INFO] - com_twelvemonkeys_common_common-lang: 3.12.0
[22:54:53] [main/INFO] - com_twelvemonkeys_imageio_imageio-core: 3.12.0
[22:54:53] [main/INFO] - com_twelvemonkeys_imageio_imageio-metadata: 3.12.0
[22:54:53] [main/INFO] - com_twelvemonkeys_imageio_imageio-webp: 3.12.0
[22:54:53] [main/INFO] - commons-validator_commons-validator: 1.7
[22:54:53] [main/INFO] - crops_love_rain: 1.4.0
[22:54:53] [main/INFO] - ctov: 3.4.14
[22:54:53] [main/INFO] - customizableelytra: 2.1.2+1.20
[22:54:53] [main/INFO] - easyshulkerboxes: 8.0.2
[22:54:53] [main/INFO] - entityculling: 1.7.0
[22:54:53] [main/INFO] - error_notifier: 1.0.9
[22:54:53] [main/INFO] - fabric-api: 0.92.2+1.20.1
[22:54:53] [main/INFO] - fabric-api: 0.92.2+1.20.1
[22:54:53] [main/INFO] - fabric-api-base: 0.4.31+1802ada577
[22:54:53] [main/INFO] - fabric-api-lookup-api-v1: 1.6.36+1802ada577
[22:54:53] [main/INFO] - fabric-biome-api-v1: 13.0.13+1802ada577
[22:54:53] [main/INFO] - fabric-block-api-v1: 1.0.11+1802ada577
[22:54:53] [main/INFO] - fabric-block-view-api-v2: 1.0.1+1802ada577
[22:54:53] [main/INFO] - fabric-command-api-v1: 1.2.34+f71b366f77
[22:54:53] [main/INFO] - fabric-command-api-v2: 2.2.13+1802ada577
[22:54:53] [main/INFO] - fabric-commands-v0: 0.2.51+df3654b377
[22:54:53] [main/INFO] - fabric-containers-v0: 0.1.64+df3654b377
[22:54:53] [main/INFO] - fabric-content-registries-v0: 4.0.11+1802ada577
[22:54:53] [main/INFO] - fabric-convention-tags-v1: 1.5.5+1802ada577
[22:54:53] [main/INFO] - fabric-crash-report-info-v1: 0.2.19+1802ada577
[22:54:53] [main/INFO] - fabric-data-attachment-api-v1: 1.0.0+de0fd6d177
[22:54:53] [main/INFO] - fabric-data-generation-api-v1: 12.3.4+1802ada577
[22:54:53] [main/INFO] - fabric-dimensions-v1: 2.1.54+1802ada577
[22:54:53] [main/INFO] - fabric-entity-events-v1: 1.6.0+1c78457f77
[22:54:53] [main/INFO] - fabric-events-interaction-v0: 0.6.2+1802ada577
[22:54:53] [main/INFO] - fabric-events-lifecycle-v0: 0.2.63+df3654b377
[22:54:53] [main/INFO] - fabric-game-rule-api-v1: 1.0.40+1802ada577
[22:54:53] [main/INFO] - fabric-item-api-v1: 2.1.28+1802ada577
[22:54:53] [main/INFO] - fabric-item-group-api-v1: 4.0.12+1802ada577
[22:54:53] [main/INFO] - fabric-language-kotlin: 1.12.3+kotlin.2.0.21
[22:54:53] [main/INFO] - fabric-lifecycle-events-v1: 2.2.22+1802ada577
[22:54:53] [main/INFO] - fabric-loot-api-v2: 1.2.1+1802ada577
[22:54:53] [main/INFO] - fabric-loot-tables-v1: 1.1.45+9e7660c677
[22:54:53] [main/INFO] - fabric-message-api-v1: 5.1.9+1802ada577
[22:54:53] [main/INFO] - fabric-mining-level-api-v1: 2.1.50+1802ada577
[22:54:53] [main/INFO] - fabric-networking-api-v1: 1.3.11+1802ada577
[22:54:53] [main/INFO] - fabric-networking-v0: 0.3.51+df3654b377
[22:54:53] [main/INFO] - fabric-object-builder-api-v1: 11.1.3+1802ada577
[22:54:53] [main/INFO] - fabric-particles-v1: 1.1.2+1802ada577
[22:54:53] [main/INFO] - fabric-permissions-api-v0: 0.3.1
[22:54:53] [main/INFO] - fabric-recipe-api-v1: 1.0.21+1802ada577
[22:54:53] [main/INFO] - fabric-registry-sync-v0: 2.3.3+1802ada577
[22:54:53] [main/INFO] - fabric-rendering-data-attachment-v1: 0.3.37+92a0d36777
[22:54:53] [main/INFO] - fabric-rendering-fluids-v1: 3.0.28+1802ada577
[22:54:53] [main/INFO] - fabric-resource-conditions-api-v1: 2.3.8+1802ada577
[22:54:53] [main/INFO] - fabric-resource-loader-v0: 0.11.10+1802ada577
[22:54:53] [main/INFO] - fabric-screen-handler-api-v1: 1.3.30+1802ada577
[22:54:53] [main/INFO] - fabric-transfer-api-v1: 3.3.5+8dd72ea377
[22:54:53] [main/INFO] - fabric-transitive-access-wideners-v1: 4.3.1+1802ada577
[22:54:53] [main/INFO] - fabricloader: 0.16.3
[22:54:53] [main/INFO] - ferritecore: 6.0.1
[22:54:53] [main/INFO] - forgeconfigapiport: 8.0.0
[22:54:53] [main/INFO] - formations: 1.0.3
[22:54:53] [main/INFO] - formationsnether: 1.0.5
[22:54:53] [main/INFO] - formationsoverworld: 1.0.4
[22:54:53] [main/INFO] - fzzy_config: 0.5.4+1.20.1
[22:54:53] [main/INFO] - glowing-torchflower: 1.1.0
[22:54:53] [main/INFO] - grindenchantments: 3.1.4+1.20.1
[22:54:53] [main/INFO] - horsebuff: 2.1.2
[22:54:53] [main/INFO] - io_wispforest_endec: 0.1.8
[22:54:53] [main/INFO] - io_wispforest_endec_gson: 0.1.5
[22:54:53] [main/INFO] - io_wispforest_endec_netty: 0.1.4
[22:54:53] [main/INFO] - jade: 11.13.1+fabric
[22:54:53] [main/INFO] - jamlib: 0.6.1+1.20.x
[22:54:53] [main/INFO] - java: 21
[22:54:53] [main/INFO] - jei: 15.20.0.105
[22:54:53] [main/INFO] - kirin: 1.15.6+1.20.1
[22:54:53] [main/INFO] - libraryferret: 4.0.0
[22:54:53] [main/INFO] - lithium: 0.11.2
[22:54:53] [main/INFO] - lithostitched: 1.4.7
[22:54:53] [main/INFO] - minecraft: 1.20.1
[22:54:53] [main/INFO] - mixinextras: 0.4.1
[22:54:53] [main/INFO] - modernfix: 5.19.4+mc1.20.1
[22:54:53] [main/INFO] - mr_dungeons_andtaverns: 3.0.3.f
[22:54:53] [main/INFO] - mr_dungeons_andtavernsstrongholdrework: 1
[22:54:53] [main/INFO] - mr_mastercutter: 1.1
[22:54:53] [main/INFO] - net_peanuuutz_tomlkt_tomlkt-jvm: 0.3.7
[22:54:53] [main/INFO] - no-resource-pack-warnings: 1.3.0
[22:54:53] [main/INFO] - noisium: 2.3.0+mc1.20-1.20.1
[22:54:53] [main/INFO] - notenoughanimations: 1.7.6
[22:54:53] [main/INFO] - org_javassist_javassist: 3.29.2-GA
[22:54:53] [main/INFO] - org_jetbrains_kotlin_kotlin-reflect: 2.0.21
[22:54:53] [main/INFO] - org_jetbrains_kotlin_kotlin-stdlib: 2.0.21
[22:54:53] [main/INFO] - org_jetbrains_kotlin_kotlin-stdlib-jdk7: 2.0.21
[22:54:53] [main/INFO] - org_jetbrains_kotlin_kotlin-stdlib-jdk8: 2.0.21
[22:54:53] [main/INFO] - org_jetbrains_kotlinx_atomicfu-jvm: 0.25.0
[22:54:53] [main/INFO] - org_jetbrains_kotlinx_kotlinx-coroutines-core-jvm: 1.9.0
[22:54:53] [main/INFO] - org_jetbrains_kotlinx_kotlinx-coroutines-jdk8: 1.9.0
[22:54:53] [main/INFO] - org_jetbrains_kotlinx_kotlinx-datetime-jvm: 0.6.1
[22:54:53] [main/INFO] - org_jetbrains_kotlinx_kotlinx-io-bytestring-jvm: 0.5.4
[22:54:53] [main/INFO] - org_jetbrains_kotlinx_kotlinx-io-core-jvm: 0.5.4
[22:54:53] [main/INFO] - org_jetbrains_kotlinx_kotlinx-serialization-cbor-jvm: 1.7.3
[22:54:53] [main/INFO] - org_jetbrains_kotlinx_kotlinx-serialization-core-jvm: 1.7.3
[22:54:53] [main/INFO] - org_jetbrains_kotlinx_kotlinx-serialization-json-jvm: 1.7.3
[22:54:53] [main/INFO] - org_jsoup_jsoup: 1.16.1
[22:54:53] [main/INFO] - org_mineskin_java-client: 1.2.4-SNAPSHOT
[22:54:53] [main/INFO] - org_quiltmc_parsers_gson: 0.2.1
[22:54:53] [main/INFO] - org_quiltmc_parsers_json: 0.2.1
[22:54:53] [main/INFO] - org_reflections_reflections: 0.10.2
[22:54:53] [main/INFO] - owo: 0.11.2+1.20
[22:54:53] [main/INFO] - pickupnotifier: 8.0.0
[22:54:53] [main/INFO] - puzzlesaccessapi: 8.0.9
[22:54:53] [main/INFO] - puzzlesapi: 8.1.6
[22:54:53] [main/INFO] - puzzleslib: 8.1.24
[22:54:53] [main/INFO] - reach-entity-attributes: 2.4.0
[22:54:53] [main/INFO] - rightclickharvest: 3.2.3+1.19.x-1.20.1-fabric
[22:54:53] [main/INFO] - roughlyenoughitems: 12.1.785
[22:54:53] [main/INFO] - skinlayers3d: 1.6.7
[22:54:53] [main/INFO] - skinshuffle: 2.2.2+1.20.1
[22:54:53] [main/INFO] - threadtweak: 1.20.2-0.1.1
[22:54:53] [main/INFO] - toggleableitemframes: 5.1.0-1.20.1
[22:54:53] [main/INFO] - travelersbackpack: 9.1.36
[22:54:53] [main/INFO] - trinkets: 3.7.2
[22:54:53] [main/INFO] - u_desert: 1.6.0
[22:54:53] [main/INFO] - unwrecked_ships_plus: 2.0.5
[22:54:53] [main/INFO] - vmp: 0.2.0+beta.7.102
[22:54:53] [main/INFO] - wabi_sabi_structures: 2.0.0-1.20
[22:54:53] [main/INFO] - worldedit: 7.2.15+6463-5ca4dff
[22:54:53] [main/INFO] - wunderlib: 1.1.5
[22:54:53] [main/INFO] - yet_another_config_lib_v3: 3.6.6+1.20.1-fabric
[22:54:53] [main/INFO] - yungsapi: 1.20-Fabric-4.0.6
[22:54:53] [main/INFO] ========================================
[22:54:53] [main/INFO] [REI] Registered plugin provider DefaultPlugin [roughlyenoughitems] for REIPlugin
[22:54:53] [main/INFO] [REI] Registered plugin provider DefaultRuntimePlugin [roughlyenoughitems] for REIPlugin
[22:54:53] [main/INFO] [REI] Registered plugin provider DefaultPlugin [roughlyenoughitems] for REIServerPlugin
[22:54:53] [main/INFO] [REI] Registered plugin provider DefaultRuntimePlugin [roughlyenoughitems] for REIServerPlugin
[22:54:53] [main/INFO] [REI] Registered plugin provider FabricFluidAPISupportPlugin for REIServerPlugin
[22:54:53] [main/INFO] [REI] Registered plugin provider FabricFluidAPISupportPlugin for REIPlugin
[22:55:55] [Worker-Main-1/DEBUG] [REI] Processed 0 tags in 37.71 μs for minecraft:damage_type
[22:55:55] [Worker-Main-1/DEBUG] [REI] Processed 0 tags in 8.556 μs for minecraft:worldgen/structure_set
[22:55:55] [Worker-Main-1/DEBUG] [REI] Processed 0 tags in 98.23 μs for minecraft:worldgen/structure
[22:55:55] [Worker-Main-1/DEBUG] [REI] Processed 0 tags in 7.484 μs for minecraft:worldgen/world_preset
[22:55:55] [Worker-Main-1/DEBUG] [REI] Processed 3 tags in 2.067 ms for minecraft:instrument
[22:55:55] [Worker-Main-1/DEBUG] [REI] Processed 20 tags in 158.9 μs for minecraft:entity_type
[22:55:55] [Worker-Main-1/DEBUG] [REI] Processed 3 tags in 29.84 μs for minecraft:point_of_interest_type
[22:55:55] [Worker-Main-1/DEBUG] [REI] Processed 5 tags in 33.10 μs for minecraft:enchantment
[22:55:55] [Worker-Main-1/DEBUG] [REI] Processed 1 tags in 32.14 μs for minecraft:painting_variant
[22:55:55] [Worker-Main-1/DEBUG] [REI] Processed 0 tags in 6.352 μs for minecraft:worldgen/flat_level_generator_preset
[22:55:55] [Worker-Main-1/DEBUG] [REI] Processed 0 tags in 4.559 μs for minecraft:worldgen/processor_list
[22:55:55] [Worker-Main-1/DEBUG] [REI] Processed 5 tags in 87.17 μs for minecraft:game_event
[22:55:55] [Worker-Main-1/DEBUG] [REI] Processed 2 tags in 16.27 μs for minecraft:cat_variant
[22:55:55] [Worker-Main-1/DEBUG] [REI] Processed 7 tags in 40.65 μs for minecraft:banner_pattern
[22:55:55] [Worker-Main-1/DEBUG] [REI] Processed 4 tags in 19.46 μs for minecraft:fluid
[22:55:55] [Worker-Main-3/DEBUG] [REI] Processed 0 tags in 160.9 μs for minecraft:worldgen/biome
[22:55:55] [Worker-Main-2/DEBUG] [REI] Processed 246 tags in 7.788 ms for minecraft:block
[22:55:55] [Worker-Main-1/DEBUG] [REI] Processed 215 tags in 4.755 ms for minecraft:item
[22:55:56] [main/DEBUG] [REI] Starting Reload Plugins of stage null
java.lang.Throwable
	at me.shedaniel.rei.impl.common.plugins.ReloadManagerImpl.reloadPlugins(ReloadManagerImpl.java:110)
	at me.shedaniel.rei.RoughlyEnoughItemsCore.lambda$onInitialize$5(RoughlyEnoughItemsCore.java:163)
	at java.base/java.util.concurrent.CompletableFuture$UniRun.tryFire(CompletableFuture.java:787)
	at java.base/java.util.concurrent.CompletableFuture$Completion.run(CompletableFuture.java:482)
	at net.minecraft.class_4014.method_18365(class_4014.java:69)
	at net.minecraft.class_156.method_43498(class_156.java:950)
	at net.minecraft.class_156.method_43499(class_156.java:938)
	at net.minecraft.server.Main.main(Main.java:160)
	at net.fabricmc.loader.impl.game.minecraft.MinecraftGameProvider.launch(MinecraftGameProvider.java:480)
	at net.fabricmc.loader.impl.launch.knot.Knot.launch(Knot.java:74)
	at net.fabricmc.loader.impl.launch.knot.KnotServer.main(KnotServer.java:23)
	at net.fabricmc.loader.impl.launch.server.FabricServerLauncher.main(FabricServerLauncher.java:69)
	at net.fabricmc.installer.ServerLauncher.main(ServerLauncher.java:69)
[22:55:56] [main/DEBUG] [REI] ========================================
[22:55:56] [main/DEBUG] [REI] REIPlugin starting pre-reload for START.
[22:55:56] [main/DEBUG] [REI] Reloadables (7):
[22:55:56] [main/DEBUG] [REI]  - EntryTypeRegistryImpl
[22:55:56] [main/DEBUG] [REI]  - EntrySettingsAdapterRegistryImpl
[22:55:56] [main/DEBUG] [REI]  - RecipeManagerContextImpl
[22:55:56] [main/DEBUG] [REI]  - ItemComparatorRegistryImpl
[22:55:56] [main/DEBUG] [REI]  - FluidComparatorRegistryImpl
[22:55:56] [main/DEBUG] [REI]  - DisplaySerializerRegistryImpl
[22:55:56] [main/DEBUG] [REI]  - FluidSupportProviderImpl
[22:55:56] [main/DEBUG] [REI] Plugins (3):
[22:55:56] [main/DEBUG] [REI]  - (-100.00) DefaultPlugin of DefaultPlugin [roughlyenoughitems]
[22:55:56] [main/DEBUG] [REI]  - (0.00) FabricFluidAPISupportPlugin
[22:55:56] [main/DEBUG] [REI]  - (0.00) DefaultRuntimePlugin of DefaultRuntimePlugin [roughlyenoughitems]
[22:55:56] [main/DEBUG] [REI] ========================================
[22:55:56] [main/TRACE] [REI] [REIPlugin START] Reloading Section: "pre-register/"
[22:55:56] [main/TRACE] [REI] [REIPlugin START] Reloading Section: "pre-register/DefaultPlugin of DefaultPlugin [roughlyenoughitems]/"
[22:55:56] [main/TRACE] [REI] [REIPlugin START] Reloading Section: "pre-register/DefaultPlugin of DefaultPlugin [roughlyenoughitems]/" done in 1.090 ms
[22:55:56] [main/TRACE] [REI] [REIPlugin START] Reloading Section: "pre-register/FabricFluidAPISupportPlugin/"
[22:55:56] [main/TRACE] [REI] [REIPlugin START] Reloading Section: "pre-register/FabricFluidAPISupportPlugin/" done in 84.87 μs
[22:55:56] [main/TRACE] [REI] [REIPlugin START] Reloading Section: "pre-register/DefaultRuntimePlugin of DefaultRuntimePlugin [roughlyenoughitems]/"
[22:55:56] [main/TRACE] [REI] [REIPlugin START] Reloading Section: "pre-register/DefaultRuntimePlugin of DefaultRuntimePlugin [roughlyenoughitems]/" done in 66.15 μs
[22:55:56] [main/TRACE] [REI] [REIPlugin START] Reloading Section: "pre-register/" done in 14.68 ms
[22:55:56] [main/TRACE] [REI] [REIPlugin START] Reloading Section: "pre-stage/"
[22:55:56] [main/TRACE] [REI] [REIPlugin START] Reloading Section: "pre-stage/EntryTypeRegistryImpl/"
[22:55:56] [main/TRACE] [REI] [REIPlugin START] Reloading Section: "pre-stage/EntryTypeRegistryImpl/" done in 211.5 μs
[22:55:56] [main/TRACE] [REI] [REIPlugin START] Reloading Section: "pre-stage/EntrySettingsAdapterRegistryImpl/"
[22:55:56] [main/TRACE] [REI] [REIPlugin START] Reloading Section: "pre-stage/EntrySettingsAdapterRegistryImpl/" done in 40.22 μs
[22:55:56] [main/TRACE] [REI] [REIPlugin START] Reloading Section: "pre-stage/RecipeManagerContextImpl/"
[22:55:56] [main/TRACE] [REI] [REIPlugin START] Reloading Section: "pre-stage/RecipeManagerContextImpl/" done in 28.23 μs
[22:55:56] [main/TRACE] [REI] [REIPlugin START] Reloading Section: "pre-stage/ItemComparatorRegistryImpl/"
[22:55:56] [main/TRACE] [REI] [REIPlugin START] Reloading Section: "pre-stage/ItemComparatorRegistryImpl/" done in 27.87 μs
[22:55:56] [main/TRACE] [REI] [REIPlugin START] Reloading Section: "pre-stage/FluidComparatorRegistryImpl/"
[22:55:56] [main/TRACE] [REI] [REIPlugin START] Reloading Section: "pre-stage/FluidComparatorRegistryImpl/" done in 27.76 μs
[22:55:56] [main/TRACE] [REI] [REIPlugin START] Reloading Section: "pre-stage/DisplaySerializerRegistryImpl/"
[22:55:56] [main/TRACE] [REI] [REIPlugin START] Reloading Section: "pre-stage/DisplaySerializerRegistryImpl/" done in 30.84 μs
[22:55:56] [main/TRACE] [REI] [REIPlugin START] Reloading Section: "pre-stage/FluidSupportProviderImpl/"
[22:55:56] [main/TRACE] [REI] [REIPlugin START] Reloading Section: "pre-stage/FluidSupportProviderImpl/" done in 26.97 μs
[22:55:56] [main/TRACE] [REI] [REIPlugin START] Reloading Section: "pre-stage/" done in 1.062 ms
[22:55:56] [main/DEBUG] [REI] ========================================
[22:55:56] [main/DEBUG] [REI] REIPlugin finished pre-reload for START in 17.29 ms.
[22:55:56] [main/DEBUG] [REI] ========================================
[22:55:56] [main/DEBUG] [REI] ========================================
[22:55:56] [main/DEBUG] [REI] REIServerPlugin starting pre-reload for START.
[22:55:56] [main/DEBUG] [REI] Reloadables (2):
[22:55:56] [main/DEBUG] [REI]  - MenuInfoRegistryImpl
[22:55:56] [main/DEBUG] [REI]  - SlotAccessorRegistryImpl
[22:55:56] [main/DEBUG] [REI] Plugins (3):
[22:55:56] [main/DEBUG] [REI]  - (-100.00) DefaultPlugin of DefaultPlugin [roughlyenoughitems]
[22:55:56] [main/DEBUG] [REI]  - (0.00) FabricFluidAPISupportPlugin
[22:55:56] [main/DEBUG] [REI]  - (0.00) DefaultRuntimePlugin of DefaultRuntimePlugin [roughlyenoughitems]
[22:55:56] [main/DEBUG] [REI] ========================================
[22:55:56] [main/TRACE] [REI] [REIServerPlugin START] Reloading Section: "pre-register/"
[22:55:56] [main/TRACE] [REI] [REIServerPlugin START] Reloading Section: "pre-register/DefaultPlugin of DefaultPlugin [roughlyenoughitems]/"
[22:55:56] [main/TRACE] [REI] [REIServerPlugin START] Reloading Section: "pre-register/DefaultPlugin of DefaultPlugin [roughlyenoughitems]/" done in 29.96 μs
[22:55:56] [main/TRACE] [REI] [REIServerPlugin START] Reloading Section: "pre-register/FabricFluidAPISupportPlugin/"
[22:55:56] [main/TRACE] [REI] [REIServerPlugin START] Reloading Section: "pre-register/FabricFluidAPISupportPlugin/" done in 41.59 μs
[22:55:56] [main/TRACE] [REI] [REIServerPlugin START] Reloading Section: "pre-register/DefaultRuntimePlugin of DefaultRuntimePlugin [roughlyenoughitems]/"
[22:55:56] [main/TRACE] [REI] [REIServerPlugin START] Reloading Section: "pre-register/DefaultRuntimePlugin of DefaultRuntimePlugin [roughlyenoughitems]/" done in 32.23 μs
[22:55:56] [main/TRACE] [REI] [REIServerPlugin START] Reloading Section: "pre-register/" done in 376.6 μs
[22:55:56] [main/TRACE] [REI] [REIServerPlugin START] Reloading Section: "pre-stage/"
[22:55:56] [main/TRACE] [REI] [REIServerPlugin START] Reloading Section: "pre-stage/MenuInfoRegistryImpl/"
[22:55:56] [main/TRACE] [REI] [REIServerPlugin START] Reloading Section: "pre-stage/MenuInfoRegistryImpl/" done in 25.67 μs
[22:55:56] [main/TRACE] [REI] [REIServerPlugin START] Reloading Section: "pre-stage/SlotAccessorRegistryImpl/"
[22:55:56] [main/TRACE] [REI] [REIServerPlugin START] Reloading Section: "pre-stage/SlotAccessorRegistryImpl/" done in 27.97 μs
[22:55:56] [main/TRACE] [REI] [REIServerPlugin START] Reloading Section: "pre-stage/" done in 219.7 μs
[22:55:56] [main/DEBUG] [REI] ========================================
[22:55:56] [main/DEBUG] [REI] REIServerPlugin finished pre-reload for START in 713.8 μs.
[22:55:56] [main/DEBUG] [REI] ========================================
[22:55:56] [main/INFO] [REI] ++++++++++++++++++++++++++++++++++++++++
[22:55:56] [main/INFO] [REI] REIPlugin starting main-reload for START.
[22:55:56] [main/DEBUG] [REI] Reloadables (7):
[22:55:56] [main/DEBUG] [REI]  - EntryTypeRegistryImpl
[22:55:56] [main/DEBUG] [REI]  - EntrySettingsAdapterRegistryImpl
[22:55:56] [main/DEBUG] [REI]  - RecipeManagerContextImpl
[22:55:56] [main/DEBUG] [REI]  - ItemComparatorRegistryImpl
[22:55:56] [main/DEBUG] [REI]  - FluidComparatorRegistryImpl
[22:55:56] [main/DEBUG] [REI]  - DisplaySerializerRegistryImpl
[22:55:56] [main/DEBUG] [REI]  - FluidSupportProviderImpl
[22:55:56] [main/INFO] [REI] Plugins (3):
[22:55:56] [main/INFO] [REI]  - (-100.00) DefaultPlugin of DefaultPlugin [roughlyenoughitems]
[22:55:56] [main/INFO] [REI]  - (0.00) FabricFluidAPISupportPlugin
[22:55:56] [main/INFO] [REI]  - (0.00) DefaultRuntimePlugin of DefaultRuntimePlugin [roughlyenoughitems]
[22:55:56] [main/INFO] [REI] ++++++++++++++++++++++++++++++++++++++++
[22:55:56] [main/TRACE] [REI] [REIPlugin START] Reloading Section: "start-reload/"
[22:55:56] [main/TRACE] [REI] [REIPlugin START] Reloading Section: "start-reload/EntryTypeRegistryImpl/"
[22:55:56] [main/TRACE] [REI] [REIPlugin START] Reloading Section: "start-reload/EntryTypeRegistryImpl/" done in 68.31 μs
[22:55:56] [main/TRACE] [REI] [REIPlugin START] Reloading Section: "start-reload/EntrySettingsAdapterRegistryImpl/"
[22:55:56] [main/TRACE] [REI] [REIPlugin START] Reloading Section: "start-reload/EntrySettingsAdapterRegistryImpl/" done in 32.08 μs
[22:55:56] [main/TRACE] [REI] [REIPlugin START] Reloading Section: "start-reload/RecipeManagerContextImpl/"
[22:55:56] [main/TRACE] [REI] [REIPlugin START] Reloading Section: "start-reload/RecipeManagerContextImpl/" done in 26.73 μs
[22:55:56] [main/TRACE] [REI] [REIPlugin START] Reloading Section: "start-reload/ItemComparatorRegistryImpl/"
[22:55:56] [main/TRACE] [REI] [REIPlugin START] Reloading Section: "start-reload/ItemComparatorRegistryImpl/" done in 46.02 μs
[22:55:56] [main/TRACE] [REI] [REIPlugin START] Reloading Section: "start-reload/FluidComparatorRegistryImpl/"
[22:55:56] [main/TRACE] [REI] [REIPlugin START] Reloading Section: "start-reload/FluidComparatorRegistryImpl/" done in 74.72 μs
[22:55:56] [main/TRACE] [REI] [REIPlugin START] Reloading Section: "start-reload/DisplaySerializerRegistryImpl/"
[22:55:56] [main/TRACE] [REI] [REIPlugin START] Reloading Section: "start-reload/DisplaySerializerRegistryImpl/" done in 46.28 μs
[22:55:56] [main/TRACE] [REI] [REIPlugin START] Reloading Section: "start-reload/FluidSupportProviderImpl/"
[22:55:56] [main/TRACE] [REI] [REIPlugin START] Reloading Section: "start-reload/FluidSupportProviderImpl/" done in 92.68 μs
[22:55:56] [main/TRACE] [REI] [REIPlugin START] Reloading Section: "start-reload/" done in 1.049 ms
[22:55:56] [main/DEBUG] [REI] ========================================
[22:55:56] [main/DEBUG] [REI] REIPlugin started main-reload for START.
[22:55:56] [main/DEBUG] [REI] ========================================
[22:55:56] [main/TRACE] [REI] [REIPlugin START] Reloading Section: "reloadable-plugin/EntryTypeRegistryImpl/"
[22:55:56] [main/TRACE] [REI] [REIPlugin START] Reloading Section: "reloadable-plugin/EntryTypeRegistryImpl/DefaultPlugin of DefaultPlugin [roughlyenoughitems]/"
[22:55:56] [main/TRACE] [REI] [REIPlugin START] Reloading Section: "reloadable-plugin/EntryTypeRegistryImpl/DefaultPlugin of DefaultPlugin [roughlyenoughitems]/" done in 268.1 μs
[22:55:56] [main/TRACE] [REI] [REIPlugin START] Reloading Section: "reloadable-plugin/EntryTypeRegistryImpl/FabricFluidAPISupportPlugin/"
[22:55:56] [main/TRACE] [REI] [REIPlugin START] Reloading Section: "reloadable-plugin/EntryTypeRegistryImpl/FabricFluidAPISupportPlugin/" done in 66.37 μs
[22:55:56] [main/TRACE] [REI] [REIPlugin START] Reloading Section: "reloadable-plugin/EntryTypeRegistryImpl/DefaultRuntimePlugin of DefaultRuntimePlugin [roughlyenoughitems]/"
[22:55:56] [main/TRACE] [REI] [REIPlugin START] Reloading Section: "reloadable-plugin/EntryTypeRegistryImpl/DefaultRuntimePlugin of DefaultRuntimePlugin [roughlyenoughitems]/" done in 8.433 ms
[22:55:56] [main/TRACE] [REI] [REIPlugin START] Reloading Section: "reloadable-plugin/EntryTypeRegistryImpl/" done in 9.648 ms
[22:55:56] [main/TRACE] [REI] [REIPlugin START] Reloading Section: "reloadable-plugin/EntrySettingsAdapterRegistryImpl/"
[22:55:56] [main/TRACE] [REI] [REIPlugin START] Reloading Section: "reloadable-plugin/EntrySettingsAdapterRegistryImpl/DefaultPlugin of DefaultPlugin [roughlyenoughitems]/"
[22:55:56] [main/TRACE] [REI] [REIPlugin START] Reloading Section: "reloadable-plugin/EntrySettingsAdapterRegistryImpl/DefaultPlugin of DefaultPlugin [roughlyenoughitems]/" done in 40.24 μs
[22:55:56] [main/TRACE] [REI] [REIPlugin START] Reloading Section: "reloadable-plugin/EntrySettingsAdapterRegistryImpl/FabricFluidAPISupportPlugin/"
[22:55:56] [main/TRACE] [REI] [REIPlugin START] Reloading Section: "reloadable-plugin/EntrySettingsAdapterRegistryImpl/FabricFluidAPISupportPlugin/" done in 34.34 μs
[22:55:56] [main/TRACE] [REI] [REIPlugin START] Reloading Section: "reloadable-plugin/EntrySettingsAdapterRegistryImpl/DefaultRuntimePlugin of DefaultRuntimePlugin [roughlyenoughitems]/"
[22:55:56] [main/TRACE] [REI] [REIPlugin START] Reloading Section: "reloadable-plugin/EntrySettingsAdapterRegistryImpl/DefaultRuntimePlugin of DefaultRuntimePlugin [roughlyenoughitems]/" done in 31.70 μs
[22:55:56] [main/TRACE] [REI] [REIPlugin START] Reloading Section: "reloadable-plugin/EntrySettingsAdapterRegistryImpl/" done in 429.4 μs
[22:55:56] [main/TRACE] [REI] [REIPlugin START] Reloading Section: "reloadable-plugin/RecipeManagerContextImpl/"
[22:55:56] [main/TRACE] [REI] [REIPlugin START] Reloading Section: "reloadable-plugin/RecipeManagerContextImpl/DefaultPlugin of DefaultPlugin [roughlyenoughitems]/"
[22:55:56] [main/TRACE] [REI] [REIPlugin START] Reloading Section: "reloadable-plugin/RecipeManagerContextImpl/DefaultPlugin of DefaultPlugin [roughlyenoughitems]/" done in 36.15 μs
[22:55:56] [main/TRACE] [REI] [REIPlugin START] Reloading Section: "reloadable-plugin/RecipeManagerContextImpl/FabricFluidAPISupportPlugin/"
[22:55:56] [main/TRACE] [REI] [REIPlugin START] Reloading Section: "reloadable-plugin/RecipeManagerContextImpl/FabricFluidAPISupportPlugin/" done in 32.35 μs
[22:55:56] [main/TRACE] [REI] [REIPlugin START] Reloading Section: "reloadable-plugin/RecipeManagerContextImpl/DefaultRuntimePlugin of DefaultRuntimePlugin [roughlyenoughitems]/"
[22:55:56] [main/TRACE] [REI] [REIPlugin START] Reloading Section: "reloadable-plugin/RecipeManagerContextImpl/DefaultRuntimePlugin of DefaultRuntimePlugin [roughlyenoughitems]/" done in 32.71 μs
[22:55:56] [main/TRACE] [REI] [REIPlugin START] Reloading Section: "reloadable-plugin/RecipeManagerContextImpl/" done in 417.4 μs
[22:55:56] [main/TRACE] [REI] [REIPlugin START] Reloading Section: "reloadable-plugin/ItemComparatorRegistryImpl/"
[22:55:56] [main/TRACE] [REI] [REIPlugin START] Reloading Section: "reloadable-plugin/ItemComparatorRegistryImpl/DefaultPlugin of DefaultPlugin [roughlyenoughitems]/"
[22:55:56] [main/TRACE] [REI] [REIPlugin START] Reloading Section: "reloadable-plugin/ItemComparatorRegistryImpl/DefaultPlugin of DefaultPlugin [roughlyenoughitems]/" done in 1.093 ms
[22:55:56] [main/TRACE] [REI] [REIPlugin START] Reloading Section: "reloadable-plugin/ItemComparatorRegistryImpl/FabricFluidAPISupportPlugin/"
[22:55:56] [main/TRACE] [REI] [REIPlugin START] Reloading Section: "reloadable-plugin/ItemComparatorRegistryImpl/FabricFluidAPISupportPlugin/" done in 49.53 μs
[22:55:56] [main/TRACE] [REI] [REIPlugin START] Reloading Section: "reloadable-plugin/ItemComparatorRegistryImpl/DefaultRuntimePlugin of DefaultRuntimePlugin [roughlyenoughitems]/"
[22:55:56] [main/TRACE] [REI] [REIPlugin START] Reloading Section: "reloadable-plugin/ItemComparatorRegistryImpl/DefaultRuntimePlugin of DefaultRuntimePlugin [roughlyenoughitems]/" done in 38.45 μs
[22:55:56] [main/TRACE] [REI] [REIPlugin START] Reloading Section: "reloadable-plugin/ItemComparatorRegistryImpl/" done in 1.526 ms
[22:55:56] [main/TRACE] [REI] [REIPlugin START] Reloading Section: "reloadable-plugin/FluidComparatorRegistryImpl/"
[22:55:56] [main/TRACE] [REI] [REIPlugin START] Reloading Section: "reloadable-plugin/FluidComparatorRegistryImpl/DefaultPlugin of DefaultPlugin [roughlyenoughitems]/"
[22:55:56] [main/TRACE] [REI] [REIPlugin START] Reloading Section: "reloadable-plugin/FluidComparatorRegistryImpl/DefaultPlugin of DefaultPlugin [roughlyenoughitems]/" done in 52.39 μs
[22:55:56] [main/TRACE] [REI] [REIPlugin START] Reloading Section: "reloadable-plugin/FluidComparatorRegistryImpl/FabricFluidAPISupportPlugin/"
[22:55:56] [main/TRACE] [REI] [REIPlugin START] Reloading Section: "reloadable-plugin/FluidComparatorRegistryImpl/FabricFluidAPISupportPlugin/" done in 55.23 μs
[22:55:56] [main/TRACE] [REI] [REIPlugin START] Reloading Section: "reloadable-plugin/FluidComparatorRegistryImpl/DefaultRuntimePlugin of DefaultRuntimePlugin [roughlyenoughitems]/"
[22:55:56] [main/TRACE] [REI] [REIPlugin START] Reloading Section: "reloadable-plugin/FluidComparatorRegistryImpl/DefaultRuntimePlugin of DefaultRuntimePlugin [roughlyenoughitems]/" done in 41.56 μs
[22:55:56] [main/TRACE] [REI] [REIPlugin START] Reloading Section: "reloadable-plugin/FluidComparatorRegistryImpl/" done in 449.4 μs
[22:55:56] [main/TRACE] [REI] [REIPlugin START] Reloading Section: "reloadable-plugin/DisplaySerializerRegistryImpl/"
[22:55:56] [main/TRACE] [REI] [REIPlugin START] Reloading Section: "reloadable-plugin/DisplaySerializerRegistryImpl/DefaultPlugin of DefaultPlugin [roughlyenoughitems]/"
[22:55:56] [main/TRACE] [REI] [REIPlugin START] Reloading Section: "reloadable-plugin/DisplaySerializerRegistryImpl/DefaultPlugin of DefaultPlugin [roughlyenoughitems]/" done in 34.36 μs
[22:55:56] [main/TRACE] [REI] [REIPlugin START] Reloading Section: "reloadable-plugin/DisplaySerializerRegistryImpl/FabricFluidAPISupportPlugin/"
[22:55:56] [main/TRACE] [REI] [REIPlugin START] Reloading Section: "reloadable-plugin/DisplaySerializerRegistryImpl/FabricFluidAPISupportPlugin/" done in 36.10 μs
[22:55:56] [main/TRACE] [REI] [REIPlugin START] Reloading Section: "reloadable-plugin/DisplaySerializerRegistryImpl/DefaultRuntimePlugin of DefaultRuntimePlugin [roughlyenoughitems]/"
[22:55:56] [main/TRACE] [REI] [REIPlugin START] Reloading Section: "reloadable-plugin/DisplaySerializerRegistryImpl/DefaultRuntimePlugin of DefaultRuntimePlugin [roughlyenoughitems]/" done in 35.16 μs
[22:55:56] [main/TRACE] [REI] [REIPlugin START] Reloading Section: "reloadable-plugin/DisplaySerializerRegistryImpl/" done in 362.6 μs
[22:55:56] [main/TRACE] [REI] [REIPlugin START] Reloading Section: "reloadable-plugin/FluidSupportProviderImpl/"
[22:55:56] [main/TRACE] [REI] [REIPlugin START] Reloading Section: "reloadable-plugin/FluidSupportProviderImpl/DefaultPlugin of DefaultPlugin [roughlyenoughitems]/"
[22:55:56] [main/TRACE] [REI] [REIPlugin START] Reloading Section: "reloadable-plugin/FluidSupportProviderImpl/DefaultPlugin of DefaultPlugin [roughlyenoughitems]/" done in 362.4 μs
[22:55:56] [main/TRACE] [REI] [REIPlugin START] Reloading Section: "reloadable-plugin/FluidSupportProviderImpl/FabricFluidAPISupportPlugin/"
[22:55:56] [main/TRACE] [REI] [REIPlugin START] Reloading Section: "reloadable-plugin/FluidSupportProviderImpl/FabricFluidAPISupportPlugin/" done in 184.2 μs
[22:55:56] [main/TRACE] [REI] [REIPlugin START] Reloading Section: "reloadable-plugin/FluidSupportProviderImpl/DefaultRuntimePlugin of DefaultRuntimePlugin [roughlyenoughitems]/"
[22:55:56] [main/TRACE] [REI] [REIPlugin START] Reloading Section: "reloadable-plugin/FluidSupportProviderImpl/DefaultRuntimePlugin of DefaultRuntimePlugin [roughlyenoughitems]/" done in 45.08 μs
[22:55:56] [main/TRACE] [REI] [REIPlugin START] Reloading Section: "reloadable-plugin/FluidSupportProviderImpl/" done in 912.1 μs
[22:55:56] [main/DEBUG] [REI] ========================================
[22:55:56] [main/DEBUG] [REI] REIPlugin ending main-reload for START.
[22:55:56] [main/DEBUG] [REI] ========================================
[22:55:56] [main/TRACE] [REI] [REIPlugin START] Reloading Section: "end-reload/"
[22:55:56] [main/TRACE] [REI] [REIPlugin START] Reloading Section: "end-reload/EntryTypeRegistryImpl/"
[22:55:56] [main/TRACE] [REI] [REIPlugin START] Reloading Section: "end-reload/EntryTypeRegistryImpl/" done in 74.45 μs
[22:55:56] [main/TRACE] [REI] [REIPlugin START] Reloading Section: "end-reload/EntrySettingsAdapterRegistryImpl/"
[22:55:56] [main/TRACE] [REI] [REIPlugin START] Reloading Section: "end-reload/EntrySettingsAdapterRegistryImpl/" done in 37.25 μs
[22:55:56] [main/TRACE] [REI] [REIPlugin START] Reloading Section: "end-reload/RecipeManagerContextImpl/"
[22:55:56] [main/TRACE] [REI] [REIPlugin START] Reloading Section: "end-reload/RecipeManagerContextImpl/" done in 28.88 μs
[22:55:56] [main/TRACE] [REI] [REIPlugin START] Reloading Section: "end-reload/ItemComparatorRegistryImpl/"
[22:55:56] [main/TRACE] [REI] [REIPlugin START] Reloading Section: "end-reload/ItemComparatorRegistryImpl/" done in 28.77 μs
[22:55:56] [main/TRACE] [REI] [REIPlugin START] Reloading Section: "end-reload/FluidComparatorRegistryImpl/"
[22:55:56] [main/TRACE] [REI] [REIPlugin START] Reloading Section: "end-reload/FluidComparatorRegistryImpl/" done in 28.51 μs
[22:55:56] [main/TRACE] [REI] [REIPlugin START] Reloading Section: "end-reload/DisplaySerializerRegistryImpl/"
[22:55:56] [main/TRACE] [REI] [REIPlugin START] Reloading Section: "end-reload/DisplaySerializerRegistryImpl/" done in 29.16 μs
[22:55:56] [main/TRACE] [REI] [REIPlugin START] Reloading Section: "end-reload/FluidSupportProviderImpl/"
[22:55:56] [main/TRACE] [REI] [REIPlugin START] Reloading Section: "end-reload/FluidSupportProviderImpl/" done in 29.24 μs
[22:55:56] [main/TRACE] [REI] [REIPlugin START] Reloading Section: "end-reload/" done in 807.1 μs
[22:55:56] [main/DEBUG] [REI] ========================================
[22:55:56] [main/DEBUG] [REI] REIPlugin ended main-reload for START in 17.80 ms.
[22:55:56] [main/DEBUG] [REI] ========================================
[22:55:56] [main/INFO] [REI] ++++++++++++++++++++++++++++++++++++++++
[22:55:56] [main/INFO] [REI] REIServerPlugin starting main-reload for START.
[22:55:56] [main/DEBUG] [REI] Reloadables (2):
[22:55:56] [main/DEBUG] [REI]  - MenuInfoRegistryImpl
[22:55:56] [main/DEBUG] [REI]  - SlotAccessorRegistryImpl
[22:55:56] [main/INFO] [REI] Plugins (3):
[22:55:56] [main/INFO] [REI]  - (-100.00) DefaultPlugin of DefaultPlugin [roughlyenoughitems]
[22:55:56] [main/INFO] [REI]  - (0.00) FabricFluidAPISupportPlugin
[22:55:56] [main/INFO] [REI]  - (0.00) DefaultRuntimePlugin of DefaultRuntimePlugin [roughlyenoughitems]
[22:55:56] [main/INFO] [REI] ++++++++++++++++++++++++++++++++++++++++
[22:55:56] [main/TRACE] [REI] [REIServerPlugin START] Reloading Section: "start-reload/"
[22:55:56] [main/TRACE] [REI] [REIServerPlugin START] Reloading Section: "start-reload/MenuInfoRegistryImpl/"
[22:55:56] [main/TRACE] [REI] [REIServerPlugin START] Reloading Section: "start-reload/MenuInfoRegistryImpl/" done in 65.46 μs
[22:55:56] [main/TRACE] [REI] [REIServerPlugin START] Reloading Section: "start-reload/SlotAccessorRegistryImpl/"
[22:55:56] [main/TRACE] [REI] [REIServerPlugin START] Reloading Section: "start-reload/SlotAccessorRegistryImpl/" done in 43.85 μs
[22:55:56] [main/TRACE] [REI] [REIServerPlugin START] Reloading Section: "start-reload/" done in 395.9 μs
[22:55:56] [main/DEBUG] [REI] ========================================
[22:55:56] [main/DEBUG] [REI] REIServerPlugin started main-reload for START.
[22:55:56] [main/DEBUG] [REI] ========================================
[22:55:56] [main/TRACE] [REI] [REIServerPlugin START] Reloading Section: "reloadable-plugin/MenuInfoRegistryImpl/"
[22:55:56] [main/TRACE] [REI] [REIServerPlugin START] Reloading Section: "reloadable-plugin/MenuInfoRegistryImpl/DefaultPlugin of DefaultPlugin [roughlyenoughitems]/"
[22:55:56] [main/TRACE] [REI] [REIServerPlugin START] Reloading Section: "reloadable-plugin/MenuInfoRegistryImpl/DefaultPlugin of DefaultPlugin [roughlyenoughitems]/" done in 48.16 μs
[22:55:56] [main/TRACE] [REI] [REIServerPlugin START] Reloading Section: "reloadable-plugin/MenuInfoRegistryImpl/FabricFluidAPISupportPlugin/"
[22:55:56] [main/TRACE] [REI] [REIServerPlugin START] Reloading Section: "reloadable-plugin/MenuInfoRegistryImpl/FabricFluidAPISupportPlugin/" done in 45.38 μs
[22:55:56] [main/TRACE] [REI] [REIServerPlugin START] Reloading Section: "reloadable-plugin/MenuInfoRegistryImpl/DefaultRuntimePlugin of DefaultRuntimePlugin [roughlyenoughitems]/"
[22:55:56] [main/TRACE] [REI] [REIServerPlugin START] Reloading Section: "reloadable-plugin/MenuInfoRegistryImpl/DefaultRuntimePlugin of DefaultRuntimePlugin [roughlyenoughitems]/" done in 61.21 μs
[22:55:56] [main/TRACE] [REI] [REIServerPlugin START] Reloading Section: "reloadable-plugin/MenuInfoRegistryImpl/" done in 485.3 μs
[22:55:56] [main/TRACE] [REI] [REIServerPlugin START] Reloading Section: "reloadable-plugin/SlotAccessorRegistryImpl/"
[22:55:56] [main/TRACE] [REI] [REIServerPlugin START] Reloading Section: "reloadable-plugin/SlotAccessorRegistryImpl/DefaultPlugin of DefaultPlugin [roughlyenoughitems]/"
[22:55:56] [main/TRACE] [REI] [REIServerPlugin START] Reloading Section: "reloadable-plugin/SlotAccessorRegistryImpl/DefaultPlugin of DefaultPlugin [roughlyenoughitems]/" done in 42.32 μs
[22:55:56] [main/TRACE] [REI] [REIServerPlugin START] Reloading Section: "reloadable-plugin/SlotAccessorRegistryImpl/FabricFluidAPISupportPlugin/"
[22:55:56] [main/TRACE] [REI] [REIServerPlugin START] Reloading Section: "reloadable-plugin/SlotAccessorRegistryImpl/FabricFluidAPISupportPlugin/" done in 45.37 μs
[22:55:56] [main/TRACE] [REI] [REIServerPlugin START] Reloading Section: "reloadable-plugin/SlotAccessorRegistryImpl/DefaultRuntimePlugin of DefaultRuntimePlugin [roughlyenoughitems]/"
[22:55:56] [main/TRACE] [REI] [REIServerPlugin START] Reloading Section: "reloadable-plugin/SlotAccessorRegistryImpl/DefaultRuntimePlugin of DefaultRuntimePlugin [roughlyenoughitems]/" done in 69.11 μs
[22:55:56] [main/TRACE] [REI] [REIServerPlugin START] Reloading Section: "reloadable-plugin/SlotAccessorRegistryImpl/" done in 515.1 μs
[22:55:56] [main/DEBUG] [REI] ========================================
[22:55:56] [main/DEBUG] [REI] REIServerPlugin ending main-reload for START.
[22:55:56] [main/DEBUG] [REI] ========================================
[22:55:56] [main/TRACE] [REI] [REIServerPlugin START] Reloading Section: "end-reload/"
[22:55:56] [main/TRACE] [REI] [REIServerPlugin START] Reloading Section: "end-reload/MenuInfoRegistryImpl/"
[22:55:56] [main/TRACE] [REI] [REIServerPlugin START] Reloading Section: "end-reload/MenuInfoRegistryImpl/" done in 36.20 μs
[22:55:56] [main/TRACE] [REI] [REIServerPlugin START] Reloading Section: "end-reload/SlotAccessorRegistryImpl/"
[22:55:56] [main/TRACE] [REI] [REIServerPlugin START] Reloading Section: "end-reload/SlotAccessorRegistryImpl/" done in 72.57 μs
[22:55:56] [main/TRACE] [REI] [REIServerPlugin START] Reloading Section: "end-reload/" done in 325.1 μs
[22:55:56] [main/DEBUG] [REI] ========================================
[22:55:56] [main/DEBUG] [REI] REIServerPlugin ended main-reload for START in 3.221 ms.
[22:55:56] [main/DEBUG] [REI] ========================================
[22:55:56] [main/DEBUG] [REI] ========================================
[22:55:56] [main/DEBUG] [REI] REIPlugin starting post-reload for START.
[22:55:56] [main/DEBUG] [REI] Reloadables (7):
[22:55:56] [main/DEBUG] [REI]  - EntryTypeRegistryImpl
[22:55:56] [main/DEBUG] [REI]  - EntrySettingsAdapterRegistryImpl
[22:55:56] [main/DEBUG] [REI]  - RecipeManagerContextImpl
[22:55:56] [main/DEBUG] [REI]  - ItemComparatorRegistryImpl
[22:55:56] [main/DEBUG] [REI]  - FluidComparatorRegistryImpl
[22:55:56] [main/DEBUG] [REI]  - DisplaySerializerRegistryImpl
[22:55:56] [main/DEBUG] [REI]  - FluidSupportProviderImpl
[22:55:56] [main/DEBUG] [REI] Plugins (3):
[22:55:56] [main/DEBUG] [REI]  - (-100.00) DefaultPlugin of DefaultPlugin [roughlyenoughitems]
[22:55:56] [main/DEBUG] [REI]  - (0.00) FabricFluidAPISupportPlugin
[22:55:56] [main/DEBUG] [REI]  - (0.00) DefaultRuntimePlugin of DefaultRuntimePlugin [roughlyenoughitems]
[22:55:56] [main/DEBUG] [REI] ========================================
[22:55:56] [main/TRACE] [REI] [REIPlugin START] Reloading Section: "post-register/"
[22:55:56] [main/TRACE] [REI] [REIPlugin START] Reloading Section: "post-register/DefaultPlugin of DefaultPlugin [roughlyenoughitems]/"
[22:55:56] [main/TRACE] [REI] [REIPlugin START] Reloading Section: "post-register/DefaultPlugin of DefaultPlugin [roughlyenoughitems]/" done in 212.4 μs
[22:55:56] [main/TRACE] [REI] [REIPlugin START] Reloading Section: "post-register/FabricFluidAPISupportPlugin/"
[22:55:56] [main/TRACE] [REI] [REIPlugin START] Reloading Section: "post-register/FabricFluidAPISupportPlugin/" done in 37.02 μs
[22:55:56] [main/TRACE] [REI] [REIPlugin START] Reloading Section: "post-register/DefaultRuntimePlugin of DefaultRuntimePlugin [roughlyenoughitems]/"
[22:55:56] [main/TRACE] [REI] [REIPlugin START] Reloading Section: "post-register/DefaultRuntimePlugin of DefaultRuntimePlugin [roughlyenoughitems]/" done in 33.38 μs
[22:55:56] [main/TRACE] [REI] [REIPlugin START] Reloading Section: "post-register/" done in 739.2 μs
[22:55:56] [main/TRACE] [REI] [REIPlugin START] Reloading Section: "post-stage/"
[22:55:56] [main/TRACE] [REI] [REIPlugin START] Reloading Section: "post-stage/EntryTypeRegistryImpl/"
[22:55:56] [main/TRACE] [REI] [REIPlugin START] Reloading Section: "post-stage/EntryTypeRegistryImpl/" done in 38.38 μs
[22:55:56] [main/TRACE] [REI] [REIPlugin START] Reloading Section: "post-stage/EntrySettingsAdapterRegistryImpl/"
[22:55:56] [main/TRACE] [REI] [REIPlugin START] Reloading Section: "post-stage/EntrySettingsAdapterRegistryImpl/" done in 26.65 μs
[22:55:56] [main/TRACE] [REI] [REIPlugin START] Reloading Section: "post-stage/RecipeManagerContextImpl/"
[22:55:56] [main/TRACE] [REI] [REIPlugin START] Reloading Section: "post-stage/RecipeManagerContextImpl/" done in 47.73 μs
[22:55:56] [main/TRACE] [REI] [REIPlugin START] Reloading Section: "post-stage/ItemComparatorRegistryImpl/"
[22:55:56] [main/TRACE] [REI] [REIPlugin START] Reloading Section: "post-stage/ItemComparatorRegistryImpl/" done in 27.71 μs
[22:55:56] [main/TRACE] [REI] [REIPlugin START] Reloading Section: "post-stage/FluidComparatorRegistryImpl/"
[22:55:56] [main/TRACE] [REI] [REIPlugin START] Reloading Section: "post-stage/FluidComparatorRegistryImpl/" done in 23.12 μs
[22:55:56] [main/TRACE] [REI] [REIPlugin START] Reloading Section: "post-stage/DisplaySerializerRegistryImpl/"
[22:55:56] [main/TRACE] [REI] [REIPlugin START] Reloading Section: "post-stage/DisplaySerializerRegistryImpl/" done in 35.09 μs
[22:55:56] [main/TRACE] [REI] [REIPlugin START] Reloading Section: "post-stage/FluidSupportProviderImpl/"
[22:55:56] [main/TRACE] [REI] [REIPlugin START] Reloading Section: "post-stage/FluidSupportProviderImpl/" done in 29.73 μs
[22:55:56] [main/TRACE] [REI] [REIPlugin START] Reloading Section: "post-stage/" done in 792.6 μs
[22:55:56] [main/DEBUG] [REI] ========================================
[22:55:56] [main/INFO] [REI] REIPlugin finished post-reload for START in 1.645 ms, totaling 36.72 ms.
[22:55:56] [main/DEBUG] [REI] ========================================
[22:55:56] [main/DEBUG] [REI] ========================================
[22:55:56] [main/DEBUG] [REI] REIServerPlugin starting post-reload for START.
[22:55:56] [main/DEBUG] [REI] Reloadables (2):
[22:55:56] [main/DEBUG] [REI]  - MenuInfoRegistryImpl
[22:55:56] [main/DEBUG] [REI]  - SlotAccessorRegistryImpl
[22:55:56] [main/DEBUG] [REI] Plugins (3):
[22:55:56] [main/DEBUG] [REI]  - (-100.00) DefaultPlugin of DefaultPlugin [roughlyenoughitems]
[22:55:56] [main/DEBUG] [REI]  - (0.00) FabricFluidAPISupportPlugin
[22:55:56] [main/DEBUG] [REI]  - (0.00) DefaultRuntimePlugin of DefaultRuntimePlugin [roughlyenoughitems]
[22:55:56] [main/DEBUG] [REI] ========================================
[22:55:56] [main/TRACE] [REI] [REIServerPlugin START] Reloading Section: "post-register/"
[22:55:56] [main/TRACE] [REI] [REIServerPlugin START] Reloading Section: "post-register/DefaultPlugin of DefaultPlugin [roughlyenoughitems]/"
[22:55:56] [main/TRACE] [REI] [REIServerPlugin START] Reloading Section: "post-register/DefaultPlugin of DefaultPlugin [roughlyenoughitems]/" done in 30.78 μs
[22:55:56] [main/TRACE] [REI] [REIServerPlugin START] Reloading Section: "post-register/FabricFluidAPISupportPlugin/"
[22:55:56] [main/TRACE] [REI] [REIServerPlugin START] Reloading Section: "post-register/FabricFluidAPISupportPlugin/" done in 54.00 μs
[22:55:56] [main/TRACE] [REI] [REIServerPlugin START] Reloading Section: "post-register/DefaultRuntimePlugin of DefaultRuntimePlugin [roughlyenoughitems]/"
[22:55:56] [main/TRACE] [REI] [REIServerPlugin START] Reloading Section: "post-register/DefaultRuntimePlugin of DefaultRuntimePlugin [roughlyenoughitems]/" done in 48.05 μs
[22:55:56] [main/TRACE] [REI] [REIServerPlugin START] Reloading Section: "post-register/" done in 403.7 μs
[22:55:56] [main/TRACE] [REI] [REIServerPlugin START] Reloading Section: "post-stage/"
[22:55:56] [main/TRACE] [REI] [REIServerPlugin START] Reloading Section: "post-stage/MenuInfoRegistryImpl/"
[22:55:56] [main/TRACE] [REI] [REIServerPlugin START] Reloading Section: "post-stage/MenuInfoRegistryImpl/" done in 34.89 μs
[22:55:56] [main/TRACE] [REI] [REIServerPlugin START] Reloading Section: "post-stage/SlotAccessorRegistryImpl/"
[22:55:56] [main/TRACE] [REI] [REIServerPlugin START] Reloading Section: "post-stage/SlotAccessorRegistryImpl/" done in 44.85 μs
[22:55:56] [main/TRACE] [REI] [REIServerPlugin START] Reloading Section: "post-stage/" done in 253.1 μs
[22:55:56] [main/DEBUG] [REI] ========================================
[22:55:56] [main/INFO] [REI] REIServerPlugin finished post-reload for START in 793.6 μs, totaling 4.697 ms.
[22:55:56] [main/DEBUG] [REI] ========================================
[22:55:56] [main/DEBUG] [REI] ========================================
[22:55:56] [main/DEBUG] [REI] REIPlugin starting pre-reload for END.
[22:55:56] [main/DEBUG] [REI] Reloadables (7):
[22:55:56] [main/DEBUG] [REI]  - EntryTypeRegistryImpl
[22:55:56] [main/DEBUG] [REI]  - EntrySettingsAdapterRegistryImpl
[22:55:56] [main/DEBUG] [REI]  - RecipeManagerContextImpl
[22:55:56] [main/DEBUG] [REI]  - ItemComparatorRegistryImpl
[22:55:56] [main/DEBUG] [REI]  - FluidComparatorRegistryImpl
[22:55:56] [main/DEBUG] [REI]  - DisplaySerializerRegistryImpl
[22:55:56] [main/DEBUG] [REI]  - FluidSupportProviderImpl
[22:55:56] [main/DEBUG] [REI] Plugins (3):
[22:55:56] [main/DEBUG] [REI]  - (-100.00) DefaultPlugin of DefaultPlugin [roughlyenoughitems]
[22:55:56] [main/DEBUG] [REI]  - (0.00) FabricFluidAPISupportPlugin
[22:55:56] [main/DEBUG] [REI]  - (0.00) DefaultRuntimePlugin of DefaultRuntimePlugin [roughlyenoughitems]
[22:55:56] [main/DEBUG] [REI] ========================================
[22:55:56] [main/TRACE] [REI] [REIPlugin END] Reloading Section: "pre-register/"
[22:55:56] [main/TRACE] [REI] [REIPlugin END] Reloading Section: "pre-register/DefaultPlugin of DefaultPlugin [roughlyenoughitems]/"
[22:55:56] [main/TRACE] [REI] [REIPlugin END] Reloading Section: "pre-register/DefaultPlugin of DefaultPlugin [roughlyenoughitems]/" done in 40.37 μs
[22:55:56] [main/TRACE] [REI] [REIPlugin END] Reloading Section: "pre-register/FabricFluidAPISupportPlugin/"
[22:55:56] [main/TRACE] [REI] [REIPlugin END] Reloading Section: "pre-register/FabricFluidAPISupportPlugin/" done in 42.55 μs
[22:55:56] [main/TRACE] [REI] [REIPlugin END] Reloading Section: "pre-register/DefaultRuntimePlugin of DefaultRuntimePlugin [roughlyenoughitems]/"
[22:55:56] [main/TRACE] [REI] [REIPlugin END] Reloading Section: "pre-register/DefaultRuntimePlugin of DefaultRuntimePlugin [roughlyenoughitems]/" done in 40.09 μs
[22:55:56] [main/TRACE] [REI] [REIPlugin END] Reloading Section: "pre-register/" done in 366.4 μs
[22:55:56] [main/TRACE] [REI] [REIPlugin END] Reloading Section: "pre-stage/"
[22:55:56] [main/TRACE] [REI] [REIPlugin END] Reloading Section: "pre-stage/EntryTypeRegistryImpl/"
[22:55:56] [main/TRACE] [REI] [REIPlugin END] Reloading Section: "pre-stage/EntryTypeRegistryImpl/" done in 35.14 μs
[22:55:56] [main/TRACE] [REI] [REIPlugin END] Reloading Section: "pre-stage/EntrySettingsAdapterRegistryImpl/"
[22:55:56] [main/TRACE] [REI] [REIPlugin END] Reloading Section: "pre-stage/EntrySettingsAdapterRegistryImpl/" done in 46.12 μs
[22:55:56] [main/TRACE] [REI] [REIPlugin END] Reloading Section: "pre-stage/RecipeManagerContextImpl/"
[22:55:56] [main/TRACE] [REI] [REIPlugin END] Reloading Section: "pre-stage/RecipeManagerContextImpl/" done in 37.34 μs
[22:55:56] [main/TRACE] [REI] [REIPlugin END] Reloading Section: "pre-stage/ItemComparatorRegistryImpl/"
[22:55:56] [main/TRACE] [REI] [REIPlugin END] Reloading Section: "pre-stage/ItemComparatorRegistryImpl/" done in 36.09 μs
[22:55:56] [main/TRACE] [REI] [REIPlugin END] Reloading Section: "pre-stage/FluidComparatorRegistryImpl/"
[22:55:56] [main/TRACE] [REI] [REIPlugin END] Reloading Section: "pre-stage/FluidComparatorRegistryImpl/" done in 24.05 μs
[22:55:56] [main/TRACE] [REI] [REIPlugin END] Reloading Section: "pre-stage/DisplaySerializerRegistryImpl/"
[22:55:56] [main/TRACE] [REI] [REIPlugin END] Reloading Section: "pre-stage/DisplaySerializerRegistryImpl/" done in 19.96 μs
[22:55:56] [main/TRACE] [REI] [REIPlugin END] Reloading Section: "pre-stage/FluidSupportProviderImpl/"
[22:55:56] [main/TRACE] [REI] [REIPlugin END] Reloading Section: "pre-stage/FluidSupportProviderImpl/" done in 18.86 μs
[22:55:56] [main/TRACE] [REI] [REIPlugin END] Reloading Section: "pre-stage/" done in 658.0 μs
[22:55:56] [main/DEBUG] [REI] ========================================
[22:55:56] [main/DEBUG] [REI] REIPlugin finished pre-reload for END in 1.118 ms.
[22:55:56] [main/DEBUG] [REI] ========================================
[22:55:56] [main/DEBUG] [REI] ========================================
[22:55:56] [main/DEBUG] [REI] REIServerPlugin starting pre-reload for END.
[22:55:56] [main/DEBUG] [REI] Reloadables (2):
[22:55:56] [main/DEBUG] [REI]  - MenuInfoRegistryImpl
[22:55:56] [main/DEBUG] [REI]  - SlotAccessorRegistryImpl
[22:55:56] [main/DEBUG] [REI] Plugins (3):
[22:55:56] [main/DEBUG] [REI]  - (-100.00) DefaultPlugin of DefaultPlugin [roughlyenoughitems]
[22:55:56] [main/DEBUG] [REI]  - (0.00) FabricFluidAPISupportPlugin
[22:55:56] [main/DEBUG] [REI]  - (0.00) DefaultRuntimePlugin of DefaultRuntimePlugin [roughlyenoughitems]
[22:55:56] [main/DEBUG] [REI] ========================================
[22:55:56] [main/TRACE] [REI] [REIServerPlugin END] Reloading Section: "pre-register/"
[22:55:56] [main/TRACE] [REI] [REIServerPlugin END] Reloading Section: "pre-register/DefaultPlugin of DefaultPlugin [roughlyenoughitems]/"
[22:55:56] [main/TRACE] [REI] [REIServerPlugin END] Reloading Section: "pre-register/DefaultPlugin of DefaultPlugin [roughlyenoughitems]/" done in 21.50 μs
[22:55:56] [main/TRACE] [REI] [REIServerPlugin END] Reloading Section: "pre-register/FabricFluidAPISupportPlugin/"
[22:55:56] [main/TRACE] [REI] [REIServerPlugin END] Reloading Section: "pre-register/FabricFluidAPISupportPlugin/" done in 21.52 μs
[22:55:56] [main/TRACE] [REI] [REIServerPlugin END] Reloading Section: "pre-register/DefaultRuntimePlugin of DefaultRuntimePlugin [roughlyenoughitems]/"
[22:55:56] [main/TRACE] [REI] [REIServerPlugin END] Reloading Section: "pre-register/DefaultRuntimePlugin of DefaultRuntimePlugin [roughlyenoughitems]/" done in 41.91 μs
[22:55:56] [main/TRACE] [REI] [REIServerPlugin END] Reloading Section: "pre-register/" done in 317.9 μs
[22:55:56] [main/TRACE] [REI] [REIServerPlugin END] Reloading Section: "pre-stage/"
[22:55:56] [main/TRACE] [REI] [REIServerPlugin END] Reloading Section: "pre-stage/MenuInfoRegistryImpl/"
[22:55:56] [main/TRACE] [REI] [REIServerPlugin END] Reloading Section: "pre-stage/MenuInfoRegistryImpl/" done in 35.45 μs
[22:55:56] [main/TRACE] [REI] [REIServerPlugin END] Reloading Section: "pre-stage/SlotAccessorRegistryImpl/"
[22:55:56] [main/TRACE] [REI] [REIServerPlugin END] Reloading Section: "pre-stage/SlotAccessorRegistryImpl/" done in 35.76 μs
[22:55:56] [main/TRACE] [REI] [REIServerPlugin END] Reloading Section: "pre-stage/" done in 228.7 μs
[22:55:56] [main/DEBUG] [REI] ========================================
[22:55:56] [main/DEBUG] [REI] REIServerPlugin finished pre-reload for END in 662.4 μs.
[22:55:56] [main/DEBUG] [REI] ========================================
[22:55:56] [main/INFO] [REI] ========================================
[22:55:56] [main/INFO] [REI] REIPlugin starting main-reload for END.
[22:55:56] [main/DEBUG] [REI] Reloadables (7):
[22:55:56] [main/DEBUG] [REI]  - EntryTypeRegistryImpl
[22:55:56] [main/DEBUG] [REI]  - EntrySettingsAdapterRegistryImpl
[22:55:56] [main/DEBUG] [REI]  - RecipeManagerContextImpl
[22:55:56] [main/DEBUG] [REI]  - ItemComparatorRegistryImpl
[22:55:56] [main/DEBUG] [REI]  - FluidComparatorRegistryImpl
[22:55:56] [main/DEBUG] [REI]  - DisplaySerializerRegistryImpl
[22:55:56] [main/DEBUG] [REI]  - FluidSupportProviderImpl
[22:55:56] [main/INFO] [REI] Plugins (3):
[22:55:56] [main/INFO] [REI]  - (-100.00) DefaultPlugin of DefaultPlugin [roughlyenoughitems]
[22:55:56] [main/INFO] [REI]  - (0.00) FabricFluidAPISupportPlugin
[22:55:56] [main/INFO] [REI]  - (0.00) DefaultRuntimePlugin of DefaultRuntimePlugin [roughlyenoughitems]
[22:55:56] [main/INFO] [REI] ========================================
[22:55:56] [main/TRACE] [REI] [REIPlugin END] Reloading Section: "start-reload/"
[22:55:56] [main/TRACE] [REI] [REIPlugin END] Reloading Section: "start-reload/EntryTypeRegistryImpl/"
[22:55:56] [main/TRACE] [REI] [REIPlugin END] Reloading Section: "start-reload/EntryTypeRegistryImpl/" done in 66.16 μs
[22:55:56] [main/TRACE] [REI] [REIPlugin END] Reloading Section: "start-reload/EntrySettingsAdapterRegistryImpl/"
[22:55:56] [main/TRACE] [REI] [REIPlugin END] Reloading Section: "start-reload/EntrySettingsAdapterRegistryImpl/" done in 171.1 μs
[22:55:56] [main/TRACE] [REI] [REIPlugin END] Reloading Section: "start-reload/RecipeManagerContextImpl/"
[22:55:56] [main/TRACE] [REI] [REIPlugin END] Reloading Section: "start-reload/RecipeManagerContextImpl/" done in 149.4 μs
[22:55:56] [main/TRACE] [REI] [REIPlugin END] Reloading Section: "start-reload/ItemComparatorRegistryImpl/"
[22:55:56] [main/TRACE] [REI] [REIPlugin END] Reloading Section: "start-reload/ItemComparatorRegistryImpl/" done in 68.38 μs
[22:55:56] [main/TRACE] [REI] [REIPlugin END] Reloading Section: "start-reload/FluidComparatorRegistryImpl/"
[22:55:56] [main/TRACE] [REI] [REIPlugin END] Reloading Section: "start-reload/FluidComparatorRegistryImpl/" done in 41.58 μs
[22:55:56] [main/TRACE] [REI] [REIPlugin END] Reloading Section: "start-reload/DisplaySerializerRegistryImpl/"
[22:55:56] [main/TRACE] [REI] [REIPlugin END] Reloading Section: "start-reload/DisplaySerializerRegistryImpl/" done in 168.7 μs
[22:55:56] [main/TRACE] [REI] [REIPlugin END] Reloading Section: "start-reload/FluidSupportProviderImpl/"
[22:55:56] [main/TRACE] [REI] [REIPlugin END] Reloading Section: "start-reload/FluidSupportProviderImpl/" done in 29.90 μs
[22:55:56] [main/TRACE] [REI] [REIPlugin END] Reloading Section: "start-reload/" done in 1.548 ms
[22:55:56] [main/DEBUG] [REI] ========================================
[22:55:56] [main/DEBUG] [REI] REIPlugin started main-reload for END.
[22:55:56] [main/DEBUG] [REI] ========================================
[22:55:56] [main/TRACE] [REI] [REIPlugin END] Reloading Section: "reloadable-plugin/EntryTypeRegistryImpl/"
[22:55:56] [main/TRACE] [REI] [REIPlugin END] Reloading Section: "reloadable-plugin/EntryTypeRegistryImpl/DefaultPlugin of DefaultPlugin [roughlyenoughitems]/"
[22:55:56] [main/TRACE] [REI] [REIPlugin END] Reloading Section: "reloadable-plugin/EntryTypeRegistryImpl/DefaultPlugin of DefaultPlugin [roughlyenoughitems]/" done in 39.89 μs
[22:55:56] [main/TRACE] [REI] [REIPlugin END] Reloading Section: "reloadable-plugin/EntryTypeRegistryImpl/FabricFluidAPISupportPlugin/"
[22:55:56] [main/TRACE] [REI] [REIPlugin END] Reloading Section: "reloadable-plugin/EntryTypeRegistryImpl/FabricFluidAPISupportPlugin/" done in 38.12 μs
[22:55:56] [main/TRACE] [REI] [REIPlugin END] Reloading Section: "reloadable-plugin/EntryTypeRegistryImpl/DefaultRuntimePlugin of DefaultRuntimePlugin [roughlyenoughitems]/"
[22:55:56] [main/TRACE] [REI] [REIPlugin END] Reloading Section: "reloadable-plugin/EntryTypeRegistryImpl/DefaultRuntimePlugin of DefaultRuntimePlugin [roughlyenoughitems]/" done in 37.43 μs
[22:55:56] [main/TRACE] [REI] [REIPlugin END] Reloading Section: "reloadable-plugin/EntryTypeRegistryImpl/" done in 364.8 μs
[22:55:56] [main/TRACE] [REI] [REIPlugin END] Reloading Section: "reloadable-plugin/EntrySettingsAdapterRegistryImpl/"
[22:55:56] [main/TRACE] [REI] [REIPlugin END] Reloading Section: "reloadable-plugin/EntrySettingsAdapterRegistryImpl/DefaultPlugin of DefaultPlugin [roughlyenoughitems]/"
[22:55:56] [main/TRACE] [REI] [REIPlugin END] Reloading Section: "reloadable-plugin/EntrySettingsAdapterRegistryImpl/DefaultPlugin of DefaultPlugin [roughlyenoughitems]/" done in 63.87 μs
[22:55:56] [main/TRACE] [REI] [REIPlugin END] Reloading Section: "reloadable-plugin/EntrySettingsAdapterRegistryImpl/FabricFluidAPISupportPlugin/"
[22:55:56] [main/TRACE] [REI] [REIPlugin END] Reloading Section: "reloadable-plugin/EntrySettingsAdapterRegistryImpl/FabricFluidAPISupportPlugin/" done in 28.44 μs
[22:55:56] [main/TRACE] [REI] [REIPlugin END] Reloading Section: "reloadable-plugin/EntrySettingsAdapterRegistryImpl/DefaultRuntimePlugin of DefaultRuntimePlugin [roughlyenoughitems]/"
[22:55:56] [main/TRACE] [REI] [REIPlugin END] Reloading Section: "reloadable-plugin/EntrySettingsAdapterRegistryImpl/DefaultRuntimePlugin of DefaultRuntimePlugin [roughlyenoughitems]/" done in 24.85 μs
[22:55:56] [main/TRACE] [REI] [REIPlugin END] Reloading Section: "reloadable-plugin/EntrySettingsAdapterRegistryImpl/" done in 332.0 μs
[22:55:56] [main/TRACE] [REI] [REIPlugin END] Reloading Section: "reloadable-plugin/RecipeManagerContextImpl/"
[22:55:56] [main/TRACE] [REI] [REIPlugin END] Reloading Section: "reloadable-plugin/RecipeManagerContextImpl/DefaultPlugin of DefaultPlugin [roughlyenoughitems]/"
[22:55:56] [main/TRACE] [REI] [REIPlugin END] Reloading Section: "reloadable-plugin/RecipeManagerContextImpl/DefaultPlugin of DefaultPlugin [roughlyenoughitems]/" done in 26.16 μs
[22:55:56] [main/TRACE] [REI] [REIPlugin END] Reloading Section: "reloadable-plugin/RecipeManagerContextImpl/FabricFluidAPISupportPlugin/"
[22:55:56] [main/TRACE] [REI] [REIPlugin END] Reloading Section: "reloadable-plugin/RecipeManagerContextImpl/FabricFluidAPISupportPlugin/" done in 31.01 μs
[22:55:56] [main/TRACE] [REI] [REIPlugin END] Reloading Section: "reloadable-plugin/RecipeManagerContextImpl/DefaultRuntimePlugin of DefaultRuntimePlugin [roughlyenoughitems]/"
[22:55:56] [main/TRACE] [REI] [REIPlugin END] Reloading Section: "reloadable-plugin/RecipeManagerContextImpl/DefaultRuntimePlugin of DefaultRuntimePlugin [roughlyenoughitems]/" done in 23.35 μs
[22:55:56] [main/TRACE] [REI] [REIPlugin END] Reloading Section: "reloadable-plugin/RecipeManagerContextImpl/" done in 239.0 μs
[22:55:56] [main/TRACE] [REI] [REIPlugin END] Reloading Section: "reloadable-plugin/ItemComparatorRegistryImpl/"
[22:55:56] [main/TRACE] [REI] [REIPlugin END] Reloading Section: "reloadable-plugin/ItemComparatorRegistryImpl/DefaultPlugin of DefaultPlugin [roughlyenoughitems]/"
[22:55:56] [main/TRACE] [REI] [REIPlugin END] Reloading Section: "reloadable-plugin/ItemComparatorRegistryImpl/DefaultPlugin of DefaultPlugin [roughlyenoughitems]/" done in 28.05 μs
[22:55:56] [main/TRACE] [REI] [REIPlugin END] Reloading Section: "reloadable-plugin/ItemComparatorRegistryImpl/FabricFluidAPISupportPlugin/"
[22:55:56] [main/TRACE] [REI] [REIPlugin END] Reloading Section: "reloadable-plugin/ItemComparatorRegistryImpl/FabricFluidAPISupportPlugin/" done in 23.14 μs
[22:55:56] [main/TRACE] [REI] [REIPlugin END] Reloading Section: "reloadable-plugin/ItemComparatorRegistryImpl/DefaultRuntimePlugin of DefaultRuntimePlugin [roughlyenoughitems]/"
[22:55:56] [main/TRACE] [REI] [REIPlugin END] Reloading Section: "reloadable-plugin/ItemComparatorRegistryImpl/DefaultRuntimePlugin of DefaultRuntimePlugin [roughlyenoughitems]/" done in 31.53 μs
[22:55:56] [main/TRACE] [REI] [REIPlugin END] Reloading Section: "reloadable-plugin/ItemComparatorRegistryImpl/" done in 252.2 μs
[22:55:56] [main/TRACE] [REI] [REIPlugin END] Reloading Section: "reloadable-plugin/FluidComparatorRegistryImpl/"
[22:55:56] [main/TRACE] [REI] [REIPlugin END] Reloading Section: "reloadable-plugin/FluidComparatorRegistryImpl/DefaultPlugin of DefaultPlugin [roughlyenoughitems]/"
[22:55:56] [main/TRACE] [REI] [REIPlugin END] Reloading Section: "reloadable-plugin/FluidComparatorRegistryImpl/DefaultPlugin of DefaultPlugin [roughlyenoughitems]/" done in 44.69 μs
[22:55:56] [main/TRACE] [REI] [REIPlugin END] Reloading Section: "reloadable-plugin/FluidComparatorRegistryImpl/FabricFluidAPISupportPlugin/"
[22:55:56] [main/TRACE] [REI] [REIPlugin END] Reloading Section: "reloadable-plugin/FluidComparatorRegistryImpl/FabricFluidAPISupportPlugin/" done in 26.32 μs
[22:55:56] [main/TRACE] [REI] [REIPlugin END] Reloading Section: "reloadable-plugin/FluidComparatorRegistryImpl/DefaultRuntimePlugin of DefaultRuntimePlugin [roughlyenoughitems]/"
[22:55:56] [main/TRACE] [REI] [REIPlugin END] Reloading Section: "reloadable-plugin/FluidComparatorRegistryImpl/DefaultRuntimePlugin of DefaultRuntimePlugin [roughlyenoughitems]/" done in 26.35 μs
[22:55:56] [main/TRACE] [REI] [REIPlugin END] Reloading Section: "reloadable-plugin/FluidComparatorRegistryImpl/" done in 277.9 μs
[22:55:56] [main/TRACE] [REI] [REIPlugin END] Reloading Section: "reloadable-plugin/DisplaySerializerRegistryImpl/"
[22:55:56] [main/TRACE] [REI] [REIPlugin END] Reloading Section: "reloadable-plugin/DisplaySerializerRegistryImpl/DefaultPlugin of DefaultPlugin [roughlyenoughitems]/"
[22:55:56] [main/TRACE] [REI] [REIPlugin END] Reloading Section: "reloadable-plugin/DisplaySerializerRegistryImpl/DefaultPlugin of DefaultPlugin [roughlyenoughitems]/" done in 22.35 ms
[22:55:56] [main/TRACE] [REI] [REIPlugin END] Reloading Section: "reloadable-plugin/DisplaySerializerRegistryImpl/FabricFluidAPISupportPlugin/"
[22:55:56] [main/TRACE] [REI] [REIPlugin END] Reloading Section: "reloadable-plugin/DisplaySerializerRegistryImpl/FabricFluidAPISupportPlugin/" done in 110.4 μs
[22:55:56] [main/TRACE] [REI] [REIPlugin END] Reloading Section: "reloadable-plugin/DisplaySerializerRegistryImpl/DefaultRuntimePlugin of DefaultRuntimePlugin [roughlyenoughitems]/"
[22:55:56] [main/TRACE] [REI] [REIPlugin END] Reloading Section: "reloadable-plugin/DisplaySerializerRegistryImpl/DefaultRuntimePlugin of DefaultRuntimePlugin [roughlyenoughitems]/" done in 38.55 μs
[22:55:56] [main/TRACE] [REI] [REIPlugin END] Reloading Section: "reloadable-plugin/DisplaySerializerRegistryImpl/" done in 22.92 ms
[22:55:56] [main/TRACE] [REI] [REIPlugin END] Reloading Section: "reloadable-plugin/FluidSupportProviderImpl/"
[22:55:56] [main/TRACE] [REI] [REIPlugin END] Reloading Section: "reloadable-plugin/FluidSupportProviderImpl/DefaultPlugin of DefaultPlugin [roughlyenoughitems]/"
[22:55:56] [main/TRACE] [REI] [REIPlugin END] Reloading Section: "reloadable-plugin/FluidSupportProviderImpl/DefaultPlugin of DefaultPlugin [roughlyenoughitems]/" done in 31.38 μs
[22:55:56] [main/TRACE] [REI] [REIPlugin END] Reloading Section: "reloadable-plugin/FluidSupportProviderImpl/FabricFluidAPISupportPlugin/"
[22:55:56] [main/TRACE] [REI] [REIPlugin END] Reloading Section: "reloadable-plugin/FluidSupportProviderImpl/FabricFluidAPISupportPlugin/" done in 33.95 μs
[22:55:56] [main/TRACE] [REI] [REIPlugin END] Reloading Section: "reloadable-plugin/FluidSupportProviderImpl/DefaultRuntimePlugin of DefaultRuntimePlugin [roughlyenoughitems]/"
[22:55:56] [main/TRACE] [REI] [REIPlugin END] Reloading Section: "reloadable-plugin/FluidSupportProviderImpl/DefaultRuntimePlugin of DefaultRuntimePlugin [roughlyenoughitems]/" done in 31.10 μs
[22:55:56] [main/TRACE] [REI] [REIPlugin END] Reloading Section: "reloadable-plugin/FluidSupportProviderImpl/" done in 313.5 μs
[22:55:56] [main/DEBUG] [REI] ========================================
[22:55:56] [main/DEBUG] [REI] REIPlugin ending main-reload for END.
[22:55:56] [main/DEBUG] [REI] ========================================
[22:55:56] [main/TRACE] [REI] [REIPlugin END] Reloading Section: "end-reload/"
[22:55:56] [main/TRACE] [REI] [REIPlugin END] Reloading Section: "end-reload/EntryTypeRegistryImpl/"
[22:55:56] [main/TRACE] [REI] [REIPlugin END] Reloading Section: "end-reload/EntryTypeRegistryImpl/" done in 36.71 μs
[22:55:56] [main/TRACE] [REI] [REIPlugin END] Reloading Section: "end-reload/EntrySettingsAdapterRegistryImpl/"
[22:55:56] [main/TRACE] [REI] [REIPlugin END] Reloading Section: "end-reload/EntrySettingsAdapterRegistryImpl/" done in 53.58 μs
[22:55:56] [main/TRACE] [REI] [REIPlugin END] Reloading Section: "end-reload/RecipeManagerContextImpl/"
[22:55:56] [main/TRACE] [REI] [REIPlugin END] Reloading Section: "end-reload/RecipeManagerContextImpl/" done in 36.59 μs
[22:55:56] [main/TRACE] [REI] [REIPlugin END] Reloading Section: "end-reload/ItemComparatorRegistryImpl/"
[22:55:56] [main/TRACE] [REI] [REIPlugin END] Reloading Section: "end-reload/ItemComparatorRegistryImpl/" done in 43.07 μs
[22:55:56] [main/TRACE] [REI] [REIPlugin END] Reloading Section: "end-reload/FluidComparatorRegistryImpl/"
[22:55:56] [main/TRACE] [REI] [REIPlugin END] Reloading Section: "end-reload/FluidComparatorRegistryImpl/" done in 43.32 μs
[22:55:56] [main/TRACE] [REI] [REIPlugin END] Reloading Section: "end-reload/DisplaySerializerRegistryImpl/"
[22:55:56] [main/TRACE] [REI] [REIPlugin END] Reloading Section: "end-reload/DisplaySerializerRegistryImpl/" done in 42.14 μs
[22:55:56] [main/TRACE] [REI] [REIPlugin END] Reloading Section: "end-reload/FluidSupportProviderImpl/"
[22:55:56] [main/TRACE] [REI] [REIPlugin END] Reloading Section: "end-reload/FluidSupportProviderImpl/" done in 37.60 μs
[22:55:56] [main/TRACE] [REI] [REIPlugin END] Reloading Section: "end-reload/" done in 861.9 μs
[22:55:56] [main/DEBUG] [REI] ========================================
[22:55:56] [main/DEBUG] [REI] REIPlugin ended main-reload for END in 28.98 ms.
[22:55:56] [main/DEBUG] [REI] ========================================
[22:55:56] [main/INFO] [REI] ~~~~~~~~~~~~~~~~~~~~~~~~~~~~~~~~~~~~~~~~
[22:55:56] [main/INFO] [REI] REIServerPlugin starting main-reload for END.
[22:55:56] [main/DEBUG] [REI] Reloadables (2):
[22:55:56] [main/DEBUG] [REI]  - MenuInfoRegistryImpl
[22:55:56] [main/DEBUG] [REI]  - SlotAccessorRegistryImpl
[22:55:56] [main/INFO] [REI] Plugins (3):
[22:55:56] [main/INFO] [REI]  - (-100.00) DefaultPlugin of DefaultPlugin [roughlyenoughitems]
[22:55:56] [main/INFO] [REI]  - (0.00) FabricFluidAPISupportPlugin
[22:55:56] [main/INFO] [REI]  - (0.00) DefaultRuntimePlugin of DefaultRuntimePlugin [roughlyenoughitems]
[22:55:56] [main/INFO] [REI] ~~~~~~~~~~~~~~~~~~~~~~~~~~~~~~~~~~~~~~~~
[22:55:56] [main/TRACE] [REI] [REIServerPlugin END] Reloading Section: "start-reload/"
[22:55:56] [main/TRACE] [REI] [REIServerPlugin END] Reloading Section: "start-reload/MenuInfoRegistryImpl/"
[22:55:56] [main/TRACE] [REI] [REIServerPlugin END] Reloading Section: "start-reload/MenuInfoRegistryImpl/" done in 64.83 μs
[22:55:56] [main/TRACE] [REI] [REIServerPlugin END] Reloading Section: "start-reload/SlotAccessorRegistryImpl/"
[22:55:56] [main/TRACE] [REI] [REIServerPlugin END] Reloading Section: "start-reload/SlotAccessorRegistryImpl/" done in 31.13 μs
[22:55:56] [main/TRACE] [REI] [REIServerPlugin END] Reloading Section: "start-reload/" done in 269.6 μs
[22:55:56] [main/DEBUG] [REI] ========================================
[22:55:56] [main/DEBUG] [REI] REIServerPlugin started main-reload for END.
[22:55:56] [main/DEBUG] [REI] ========================================
[22:55:56] [main/TRACE] [REI] [REIServerPlugin END] Reloading Section: "reloadable-plugin/MenuInfoRegistryImpl/"
[22:55:56] [main/TRACE] [REI] [REIServerPlugin END] Reloading Section: "reloadable-plugin/MenuInfoRegistryImpl/DefaultPlugin of DefaultPlugin [roughlyenoughitems]/"
[22:55:56] [main/TRACE] [REI] [REIServerPlugin END] Reloading Section: "reloadable-plugin/MenuInfoRegistryImpl/DefaultPlugin of DefaultPlugin [roughlyenoughitems]/" done in 62.23 μs
[22:55:56] [main/TRACE] [REI] [REIServerPlugin END] Reloading Section: "reloadable-plugin/MenuInfoRegistryImpl/FabricFluidAPISupportPlugin/"
[22:55:56] [main/TRACE] [REI] [REIServerPlugin END] Reloading Section: "reloadable-plugin/MenuInfoRegistryImpl/FabricFluidAPISupportPlugin/" done in 32.39 μs
[22:55:56] [main/TRACE] [REI] [REIServerPlugin END] Reloading Section: "reloadable-plugin/MenuInfoRegistryImpl/DefaultRuntimePlugin of DefaultRuntimePlugin [roughlyenoughitems]/"
[22:55:56] [main/TRACE] [REI] [REIServerPlugin END] Reloading Section: "reloadable-plugin/MenuInfoRegistryImpl/DefaultRuntimePlugin of DefaultRuntimePlugin [roughlyenoughitems]/" done in 32.10 μs
[22:55:56] [main/TRACE] [REI] [REIServerPlugin END] Reloading Section: "reloadable-plugin/MenuInfoRegistryImpl/" done in 368.2 μs
[22:55:56] [main/TRACE] [REI] [REIServerPlugin END] Reloading Section: "reloadable-plugin/SlotAccessorRegistryImpl/"
[22:55:56] [main/TRACE] [REI] [REIServerPlugin END] Reloading Section: "reloadable-plugin/SlotAccessorRegistryImpl/DefaultPlugin of DefaultPlugin [roughlyenoughitems]/"
[22:55:56] [main/TRACE] [REI] [REIServerPlugin END] Reloading Section: "reloadable-plugin/SlotAccessorRegistryImpl/DefaultPlugin of DefaultPlugin [roughlyenoughitems]/" done in 39.62 μs
[22:55:56] [main/TRACE] [REI] [REIServerPlugin END] Reloading Section: "reloadable-plugin/SlotAccessorRegistryImpl/FabricFluidAPISupportPlugin/"
[22:55:56] [main/TRACE] [REI] [REIServerPlugin END] Reloading Section: "reloadable-plugin/SlotAccessorRegistryImpl/FabricFluidAPISupportPlugin/" done in 80.47 μs
[22:55:56] [main/TRACE] [REI] [REIServerPlugin END] Reloading Section: "reloadable-plugin/SlotAccessorRegistryImpl/DefaultRuntimePlugin of DefaultRuntimePlugin [roughlyenoughitems]/"
[22:55:56] [main/DEBUG] [REI] Added slot accessor serializer: me.shedaniel.rei.plugin.common.runtime.DefaultRuntimePlugin$1@680ae63b [roughlyenoughitems:vanilla]
[22:55:56] [main/DEBUG] [REI] Added slot accessor serializer: me.shedaniel.rei.plugin.common.runtime.DefaultRuntimePlugin$2@635a1605 [roughlyenoughitems:player]
[22:55:56] [main/TRACE] [REI] [REIServerPlugin END] Reloading Section: "reloadable-plugin/SlotAccessorRegistryImpl/DefaultRuntimePlugin of DefaultRuntimePlugin [roughlyenoughitems]/" done in 1.880 ms
[22:55:56] [main/TRACE] [REI] [REIServerPlugin END] Reloading Section: "reloadable-plugin/SlotAccessorRegistryImpl/" done in 2.223 ms
[22:55:56] [main/DEBUG] [REI] ========================================
[22:55:56] [main/DEBUG] [REI] REIServerPlugin ending main-reload for END.
[22:55:56] [main/DEBUG] [REI] ========================================
[22:55:56] [main/TRACE] [REI] [REIServerPlugin END] Reloading Section: "end-reload/"
[22:55:56] [main/TRACE] [REI] [REIServerPlugin END] Reloading Section: "end-reload/MenuInfoRegistryImpl/"
[22:55:56] [main/DEBUG] [REI] Registered 0 menu infos
[22:55:56] [main/TRACE] [REI] [REIServerPlugin END] Reloading Section: "end-reload/MenuInfoRegistryImpl/" done in 83.83 μs
[22:55:56] [main/TRACE] [REI] [REIServerPlugin END] Reloading Section: "end-reload/SlotAccessorRegistryImpl/"
[22:55:56] [main/DEBUG] [REI] Registered 2 slot accessor serializers
[22:55:56] [main/TRACE] [REI] [REIServerPlugin END] Reloading Section: "end-reload/SlotAccessorRegistryImpl/" done in 67.02 μs
[22:55:56] [main/TRACE] [REI] [REIServerPlugin END] Reloading Section: "end-reload/" done in 313.2 μs
[22:55:56] [main/DEBUG] [REI] ========================================
[22:55:56] [main/DEBUG] [REI] REIServerPlugin ended main-reload for END in 4.425 ms.
[22:55:56] [main/DEBUG] [REI] ========================================
[22:55:56] [main/DEBUG] [REI] ========================================
[22:55:56] [main/DEBUG] [REI] REIPlugin starting post-reload for END.
[22:55:56] [main/DEBUG] [REI] Reloadables (7):
[22:55:56] [main/DEBUG] [REI]  - EntryTypeRegistryImpl
[22:55:56] [main/DEBUG] [REI]  - EntrySettingsAdapterRegistryImpl
[22:55:56] [main/DEBUG] [REI]  - RecipeManagerContextImpl
[22:55:56] [main/DEBUG] [REI]  - ItemComparatorRegistryImpl
[22:55:56] [main/DEBUG] [REI]  - FluidComparatorRegistryImpl
[22:55:56] [main/DEBUG] [REI]  - DisplaySerializerRegistryImpl
[22:55:56] [main/DEBUG] [REI]  - FluidSupportProviderImpl
[22:55:56] [main/DEBUG] [REI] Plugins (3):
[22:55:56] [main/DEBUG] [REI]  - (-100.00) DefaultPlugin of DefaultPlugin [roughlyenoughitems]
[22:55:56] [main/DEBUG] [REI]  - (0.00) FabricFluidAPISupportPlugin
[22:55:56] [main/DEBUG] [REI]  - (0.00) DefaultRuntimePlugin of DefaultRuntimePlugin [roughlyenoughitems]
[22:55:56] [main/DEBUG] [REI] ========================================
[22:55:56] [main/TRACE] [REI] [REIPlugin END] Reloading Section: "post-register/"
[22:55:56] [main/TRACE] [REI] [REIPlugin END] Reloading Section: "post-register/DefaultPlugin of DefaultPlugin [roughlyenoughitems]/"
[22:55:56] [main/TRACE] [REI] [REIPlugin END] Reloading Section: "post-register/DefaultPlugin of DefaultPlugin [roughlyenoughitems]/" done in 32.31 μs
[22:55:56] [main/TRACE] [REI] [REIPlugin END] Reloading Section: "post-register/FabricFluidAPISupportPlugin/"
[22:55:56] [main/TRACE] [REI] [REIPlugin END] Reloading Section: "post-register/FabricFluidAPISupportPlugin/" done in 26.97 μs
[22:55:56] [main/TRACE] [REI] [REIPlugin END] Reloading Section: "post-register/DefaultRuntimePlugin of DefaultRuntimePlugin [roughlyenoughitems]/"
[22:55:56] [main/TRACE] [REI] [REIPlugin END] Reloading Section: "post-register/DefaultRuntimePlugin of DefaultRuntimePlugin [roughlyenoughitems]/" done in 28.61 μs
[22:55:56] [main/TRACE] [REI] [REIPlugin END] Reloading Section: "post-register/" done in 303.0 μs
[22:55:56] [main/TRACE] [REI] [REIPlugin END] Reloading Section: "post-stage/"
[22:55:56] [main/TRACE] [REI] [REIPlugin END] Reloading Section: "post-stage/EntryTypeRegistryImpl/"
[22:55:56] [main/TRACE] [REI] [REIPlugin END] Reloading Section: "post-stage/EntryTypeRegistryImpl/" done in 16.08 μs
[22:55:56] [main/TRACE] [REI] [REIPlugin END] Reloading Section: "post-stage/EntrySettingsAdapterRegistryImpl/"
[22:55:56] [main/TRACE] [REI] [REIPlugin END] Reloading Section: "post-stage/EntrySettingsAdapterRegistryImpl/" done in 15.01 μs
[22:55:56] [main/TRACE] [REI] [REIPlugin END] Reloading Section: "post-stage/RecipeManagerContextImpl/"
[22:55:56] [main/TRACE] [REI] [REIPlugin END] Reloading Section: "post-stage/RecipeManagerContextImpl/" done in 13.87 μs
[22:55:56] [main/TRACE] [REI] [REIPlugin END] Reloading Section: "post-stage/ItemComparatorRegistryImpl/"
[22:55:56] [main/TRACE] [REI] [REIPlugin END] Reloading Section: "post-stage/ItemComparatorRegistryImpl/" done in 10.89 μs
[22:55:56] [main/TRACE] [REI] [REIPlugin END] Reloading Section: "post-stage/FluidComparatorRegistryImpl/"
[22:55:56] [main/TRACE] [REI] [REIPlugin END] Reloading Section: "post-stage/FluidComparatorRegistryImpl/" done in 13.23 μs
[22:55:56] [main/TRACE] [REI] [REIPlugin END] Reloading Section: "post-stage/DisplaySerializerRegistryImpl/"
[22:55:56] [main/TRACE] [REI] [REIPlugin END] Reloading Section: "post-stage/DisplaySerializerRegistryImpl/" done in 31.72 μs
[22:55:56] [main/TRACE] [REI] [REIPlugin END] Reloading Section: "post-stage/FluidSupportProviderImpl/"
[22:55:56] [main/TRACE] [REI] [REIPlugin END] Reloading Section: "post-stage/FluidSupportProviderImpl/" done in 25.58 μs
[22:55:56] [main/TRACE] [REI] [REIPlugin END] Reloading Section: "post-stage/" done in 472.1 μs
[22:55:56] [main/DEBUG] [REI] ========================================
[22:55:56] [main/INFO] [REI] REIPlugin finished post-reload for END in 885.4 μs, totaling 30.96 ms.
[22:55:56] [main/DEBUG] [REI] ========================================
[22:55:56] [main/DEBUG] [REI] ========================================
[22:55:56] [main/DEBUG] [REI] REIServerPlugin starting post-reload for END.
[22:55:56] [main/DEBUG] [REI] Reloadables (2):
[22:55:56] [main/DEBUG] [REI]  - MenuInfoRegistryImpl
[22:55:56] [main/DEBUG] [REI]  - SlotAccessorRegistryImpl
[22:55:56] [main/DEBUG] [REI] Plugins (3):
[22:55:56] [main/DEBUG] [REI]  - (-100.00) DefaultPlugin of DefaultPlugin [roughlyenoughitems]
[22:55:56] [main/DEBUG] [REI]  - (0.00) FabricFluidAPISupportPlugin
[22:55:56] [main/DEBUG] [REI]  - (0.00) DefaultRuntimePlugin of DefaultRuntimePlugin [roughlyenoughitems]
[22:55:56] [main/DEBUG] [REI] ========================================
[22:55:56] [main/TRACE] [REI] [REIServerPlugin END] Reloading Section: "post-register/"
[22:55:56] [main/TRACE] [REI] [REIServerPlugin END] Reloading Section: "post-register/DefaultPlugin of DefaultPlugin [roughlyenoughitems]/"
[22:55:56] [main/TRACE] [REI] [REIServerPlugin END] Reloading Section: "post-register/DefaultPlugin of DefaultPlugin [roughlyenoughitems]/" done in 25.07 μs
[22:55:56] [main/TRACE] [REI] [REIServerPlugin END] Reloading Section: "post-register/FabricFluidAPISupportPlugin/"
[22:55:56] [main/TRACE] [REI] [REIServerPlugin END] Reloading Section: "post-register/FabricFluidAPISupportPlugin/" done in 27.13 μs
[22:55:56] [main/TRACE] [REI] [REIServerPlugin END] Reloading Section: "post-register/DefaultRuntimePlugin of DefaultRuntimePlugin [roughlyenoughitems]/"
[22:55:56] [main/TRACE] [REI] [REIServerPlugin END] Reloading Section: "post-register/DefaultRuntimePlugin of DefaultRuntimePlugin [roughlyenoughitems]/" done in 28.48 μs
[22:55:56] [main/TRACE] [REI] [REIServerPlugin END] Reloading Section: "post-register/" done in 297.3 μs
[22:55:56] [main/TRACE] [REI] [REIServerPlugin END] Reloading Section: "post-stage/"
[22:55:56] [main/TRACE] [REI] [REIServerPlugin END] Reloading Section: "post-stage/MenuInfoRegistryImpl/"
[22:55:56] [main/TRACE] [REI] [REIServerPlugin END] Reloading Section: "post-stage/MenuInfoRegistryImpl/" done in 37.27 μs
[22:55:56] [main/TRACE] [REI] [REIServerPlugin END] Reloading Section: "post-stage/SlotAccessorRegistryImpl/"
[22:55:56] [main/TRACE] [REI] [REIServerPlugin END] Reloading Section: "post-stage/SlotAccessorRegistryImpl/" done in 41.73 μs
[22:55:56] [main/TRACE] [REI] [REIServerPlugin END] Reloading Section: "post-stage/" done in 286.0 μs
[22:55:56] [main/DEBUG] [REI] ========================================
[22:55:56] [main/INFO] [REI] REIServerPlugin finished post-reload for END in 724.1 μs, totaling 5.789 ms.
[22:55:56] [main/DEBUG] [REI] ========================================
